This job can be monitored from: https://job.c3se.chalmers.se/alvis/3343957
12/29 18:55:13 - mmengine - INFO - 
------------------------------------------------------------
System environment:
    sys.platform: linux
    Python: 3.8.20 (default, Oct  3 2024, 15:24:27) [GCC 11.2.0]
    CUDA available: True
    MUSA available: False
    numpy_random_seed: 1343581770
    GPU 0: NVIDIA A100-SXM4-80GB
    CUDA_HOME: None
    GCC: gcc (GCC) 8.5.0 20210514 (Red Hat 8.5.0-20)
    PyTorch: 2.4.1+cu121
    PyTorch compiling details: PyTorch built with:
  - GCC 9.3
  - C++ Version: 201703
  - Intel(R) oneAPI Math Kernel Library Version 2022.2-Product Build 20220804 for Intel(R) 64 architecture applications
  - Intel(R) MKL-DNN v3.4.2 (Git Hash 1137e04ec0b5251ca2b4400a4fd3c667ce843d67)
  - OpenMP 201511 (a.k.a. OpenMP 4.5)
  - LAPACK is enabled (usually provided by MKL)
  - NNPACK is enabled
  - CPU capability usage: AVX512
  - CUDA Runtime 12.1
  - NVCC architecture flags: -gencode;arch=compute_50,code=sm_50;-gencode;arch=compute_60,code=sm_60;-gencode;arch=compute_70,code=sm_70;-gencode;arch=compute_75,code=sm_75;-gencode;arch=compute_80,code=sm_80;-gencode;arch=compute_86,code=sm_86;-gencode;arch=compute_90,code=sm_90
  - CuDNN 90.1  (built against CUDA 12.4)
  - Magma 2.6.1
  - Build settings: BLAS_INFO=mkl, BUILD_TYPE=Release, CUDA_VERSION=12.1, CUDNN_VERSION=9.1.0, CXX_COMPILER=/opt/rh/devtoolset-9/root/usr/bin/c++, CXX_FLAGS= -D_GLIBCXX_USE_CXX11_ABI=0 -fabi-version=11 -fvisibility-inlines-hidden -DUSE_PTHREADPOOL -DNDEBUG -DUSE_KINETO -DLIBKINETO_NOROCTRACER -DUSE_FBGEMM -DUSE_PYTORCH_QNNPACK -DUSE_XNNPACK -DSYMBOLICATE_MOBILE_DEBUG_HANDLE -O2 -fPIC -Wall -Wextra -Werror=return-type -Werror=non-virtual-dtor -Werror=bool-operation -Wnarrowing -Wno-missing-field-initializers -Wno-type-limits -Wno-array-bounds -Wno-unknown-pragmas -Wno-unused-parameter -Wno-unused-function -Wno-unused-result -Wno-strict-overflow -Wno-strict-aliasing -Wno-stringop-overflow -Wsuggest-override -Wno-psabi -Wno-error=pedantic -Wno-error=old-style-cast -Wno-missing-braces -fdiagnostics-color=always -faligned-new -Wno-unused-but-set-variable -Wno-maybe-uninitialized -fno-math-errno -fno-trapping-math -Werror=format -Wno-stringop-overflow, LAPACK_INFO=mkl, PERF_WITH_AVX=1, PERF_WITH_AVX2=1, PERF_WITH_AVX512=1, TORCH_VERSION=2.4.1, USE_CUDA=ON, USE_CUDNN=ON, USE_CUSPARSELT=1, USE_EXCEPTION_PTR=1, USE_GFLAGS=OFF, USE_GLOG=OFF, USE_GLOO=ON, USE_MKL=ON, USE_MKLDNN=ON, USE_MPI=OFF, USE_NCCL=1, USE_NNPACK=ON, USE_OPENMP=ON, USE_ROCM=OFF, USE_ROCM_KERNEL_ASSERT=OFF, 

    TorchVision: 0.19.1+cu121
    OpenCV: 4.10.0
    MMEngine: 0.10.5

Runtime environment:
    cudnn_benchmark: False
    mp_cfg: {'mp_start_method': 'fork', 'opencv_num_threads': 0}
    dist_cfg: {'backend': 'nccl'}
    seed: 1343581770
    diff_rank_seed: False
    deterministic: False
    Distributed launcher: none
    Distributed training: False
    GPU number: 1
------------------------------------------------------------

12/29 18:55:13 - mmengine - INFO - Config:
ann_file_test = 'data/rfds/50_validation.txt'
ann_file_train = 'data/rfds/50_train.txt'
ann_file_val = 'data/rfds/50_validation.txt'
auto_scale_lr = dict(base_batch_size=256, enable=True)
base_lr = 1e-05
data_root = 'data/rfds/50_train'
data_root_val = 'data/rfds/50_validation'
dataset = 'rfds'
dataset_type = 'VideoDataset'
default_hooks = dict(
    checkpoint=dict(
        interval=3, max_keep_ckpts=5, save_best='auto', type='CheckpointHook'),
    early_stopping=dict(
        min_delta=0.005,
        monitor='acc/top1',
        patience=25,
        rule='greater',
        type='EarlyStoppingHook'),
    logger=dict(ignore_last=False, interval=100, type='LoggerHook'),
    param_scheduler=dict(type='ParamSchedulerHook'),
    runtime_info=dict(type='RuntimeInfoHook'),
    sampler_seed=dict(type='DistSamplerSeedHook'),
    sync_buffers=dict(type='SyncBuffersHook'),
    timer=dict(type='IterTimerHook'))
default_scope = 'mmaction'
env_cfg = dict(
    cudnn_benchmark=False,
    dist_cfg=dict(backend='nccl'),
    mp_cfg=dict(mp_start_method='fork', opencv_num_threads=0))
file_client_args = dict(io_backend='disk')
launcher = 'none'
load_from = None
log_level = 'INFO'
log_processor = dict(by_epoch=True, type='LogProcessor', window_size=20)
model = dict(
    backbone=dict(
        backbone_drop_path_rate=0.0,
        clip_pretrained=True,
        double_lmhra=True,
        drop_path_rate=0.0,
        dw_reduction=1.5,
        heads=12,
        input_resolution=224,
        layers=12,
        mlp_dropout=[
            0.5,
            0.5,
            0.5,
            0.5,
        ],
        mlp_factor=4.0,
        n_dim=768,
        n_head=12,
        n_layers=4,
        no_lmhra=True,
        patch_size=16,
        pretrained='ViT-B/16',
        return_list=[
            8,
            9,
            10,
            11,
        ],
        t_size=50,
        temporal_downsample=False,
        type='UniFormerV2',
        width=768),
    cls_head=dict(
        average_clips='prob',
        dropout_ratio=0.5,
        in_channels=768,
        num_classes=2,
        type='UniFormerHead'),
    data_preprocessor=dict(
        format_shape='NCTHW',
        mean=[
            114.75,
            114.75,
            114.75,
        ],
        std=[
            57.375,
            57.375,
            57.375,
        ],
        type='ActionDataPreprocessor'),
    type='Recognizer3D')
num_frames = 50
optim_wrapper = dict(
    clip_grad=dict(max_norm=20, norm_type=2),
    optimizer=dict(
        betas=(
            0.9,
            0.999,
        ), lr=1e-05, type='AdamW', weight_decay=0.05),
    paramwise_cfg=dict(bias_decay_mult=0.0, norm_decay_mult=0.0))
param_scheduler = [
    dict(
        begin=0,
        by_epoch=True,
        convert_to_iter_based=True,
        end=5,
        start_factor=0.1,
        type='LinearLR'),
    dict(
        T_max=50,
        begin=5,
        by_epoch=True,
        convert_to_iter_based=True,
        end=55,
        eta_min_ratio=0.1,
        type='CosineAnnealingLR'),
]
randomness = dict(deterministic=False, diff_rank_seed=False, seed=None)
resume = False
test_cfg = dict(type='TestLoop')
test_dataloader = dict(
    batch_size=8,
    dataset=dict(
        ann_file='data/rfds/50_validation.txt',
        data_prefix=dict(video='data/rfds/50_validation'),
        pipeline=[
            dict(io_backend='disk', type='DecordInit'),
            dict(
                clip_len=50, num_clips=4, test_mode=True,
                type='UniformSample'),
            dict(type='DecordDecode'),
            dict(scale=(
                -1,
                224,
            ), type='Resize'),
            dict(crop_size=224, type='ThreeCrop'),
            dict(input_format='NCTHW', type='FormatShape'),
            dict(type='PackActionInputs'),
        ],
        test_mode=True,
        type='VideoDataset'),
    num_workers=8,
    persistent_workers=True,
    sampler=dict(shuffle=False, type='DefaultSampler'))
test_evaluator = dict(type='AccMetric')
test_pipeline = [
    dict(io_backend='disk', type='DecordInit'),
    dict(clip_len=50, num_clips=4, test_mode=True, type='UniformSample'),
    dict(type='DecordDecode'),
    dict(scale=(
        -1,
        224,
    ), type='Resize'),
    dict(crop_size=224, type='ThreeCrop'),
    dict(input_format='NCTHW', type='FormatShape'),
    dict(type='PackActionInputs'),
]
train_cfg = dict(
    max_epochs=150, type='EpochBasedTrainLoop', val_begin=1, val_interval=1)
train_dataloader = dict(
    batch_size=8,
    dataset=dict(
        ann_file='data/rfds/50_train.txt',
        data_prefix=dict(video='data/rfds/50_train'),
        pipeline=[
            dict(io_backend='disk', type='DecordInit'),
            dict(clip_len=50, num_clips=1, type='UniformSample'),
            dict(type='DecordDecode'),
            dict(scale=(
                -1,
                256,
            ), type='Resize'),
            dict(type='RandomResizedCrop'),
            dict(keep_ratio=False, scale=(
                224,
                224,
            ), type='Resize'),
            dict(flip_ratio=0.5, type='Flip'),
            dict(input_format='NCTHW', type='FormatShape'),
            dict(type='PackActionInputs'),
        ],
        type='VideoDataset'),
    num_workers=8,
    persistent_workers=True,
    sampler=dict(shuffle=True, type='DefaultSampler'))
train_pipeline = [
    dict(io_backend='disk', type='DecordInit'),
    dict(clip_len=50, num_clips=1, type='UniformSample'),
    dict(type='DecordDecode'),
    dict(scale=(
        -1,
        256,
    ), type='Resize'),
    dict(type='RandomResizedCrop'),
    dict(keep_ratio=False, scale=(
        224,
        224,
    ), type='Resize'),
    dict(flip_ratio=0.5, type='Flip'),
    dict(input_format='NCTHW', type='FormatShape'),
    dict(type='PackActionInputs'),
]
val_cfg = dict(type='ValLoop')
val_dataloader = dict(
    batch_size=8,
    dataset=dict(
        ann_file='data/rfds/50_validation.txt',
        data_prefix=dict(video='data/rfds/50_validation'),
        pipeline=[
            dict(io_backend='disk', type='DecordInit'),
            dict(
                clip_len=50, num_clips=1, test_mode=True,
                type='UniformSample'),
            dict(type='DecordDecode'),
            dict(scale=(
                -1,
                224,
            ), type='Resize'),
            dict(crop_size=224, type='CenterCrop'),
            dict(input_format='NCTHW', type='FormatShape'),
            dict(type='PackActionInputs'),
        ],
        test_mode=True,
        type='VideoDataset'),
    num_workers=8,
    persistent_workers=True,
    sampler=dict(shuffle=False, type='DefaultSampler'))
val_evaluator = dict(
    metrics=[
        dict(type='AccMetric'),
        dict(type='ConfusionMatrix'),
    ],
    type='Evaluator')
val_pipeline = [
    dict(io_backend='disk', type='DecordInit'),
    dict(clip_len=50, num_clips=1, test_mode=True, type='UniformSample'),
    dict(type='DecordDecode'),
    dict(scale=(
        -1,
        224,
    ), type='Resize'),
    dict(crop_size=224, type='CenterCrop'),
    dict(input_format='NCTHW', type='FormatShape'),
    dict(type='PackActionInputs'),
]
work_dir = './work_dirs/UNI_50_RFDS'

12/29 18:55:14 - mmengine - INFO - Drop path rate: 0.0
12/29 18:55:14 - mmengine - INFO - No L_MHRA: True
12/29 18:55:14 - mmengine - INFO - Double L_MHRA: True
12/29 18:55:14 - mmengine - INFO - Drop path rate: 0.0
12/29 18:55:14 - mmengine - INFO - No L_MHRA: True
12/29 18:55:14 - mmengine - INFO - Double L_MHRA: True
12/29 18:55:14 - mmengine - INFO - Drop path rate: 0.0
12/29 18:55:14 - mmengine - INFO - No L_MHRA: True
12/29 18:55:14 - mmengine - INFO - Double L_MHRA: True
12/29 18:55:14 - mmengine - INFO - Drop path rate: 0.0
12/29 18:55:14 - mmengine - INFO - No L_MHRA: True
12/29 18:55:14 - mmengine - INFO - Double L_MHRA: True
12/29 18:55:14 - mmengine - INFO - Drop path rate: 0.0
12/29 18:55:14 - mmengine - INFO - No L_MHRA: True
12/29 18:55:14 - mmengine - INFO - Double L_MHRA: True
12/29 18:55:14 - mmengine - INFO - Drop path rate: 0.0
12/29 18:55:14 - mmengine - INFO - No L_MHRA: True
12/29 18:55:14 - mmengine - INFO - Double L_MHRA: True
12/29 18:55:14 - mmengine - INFO - Drop path rate: 0.0
12/29 18:55:14 - mmengine - INFO - No L_MHRA: True
12/29 18:55:14 - mmengine - INFO - Double L_MHRA: True
12/29 18:55:14 - mmengine - INFO - Drop path rate: 0.0
12/29 18:55:14 - mmengine - INFO - No L_MHRA: True
12/29 18:55:14 - mmengine - INFO - Double L_MHRA: True
12/29 18:55:14 - mmengine - INFO - Drop path rate: 0.0
12/29 18:55:14 - mmengine - INFO - No L_MHRA: True
12/29 18:55:14 - mmengine - INFO - Double L_MHRA: True
12/29 18:55:14 - mmengine - INFO - Drop path rate: 0.0
12/29 18:55:14 - mmengine - INFO - No L_MHRA: True
12/29 18:55:14 - mmengine - INFO - Double L_MHRA: True
12/29 18:55:14 - mmengine - INFO - Drop path rate: 0.0
12/29 18:55:14 - mmengine - INFO - No L_MHRA: True
12/29 18:55:14 - mmengine - INFO - Double L_MHRA: True
12/29 18:55:14 - mmengine - INFO - Drop path rate: 0.0
12/29 18:55:14 - mmengine - INFO - No L_MHRA: True
12/29 18:55:14 - mmengine - INFO - Double L_MHRA: True
12/29 18:55:14 - mmengine - INFO - Drop path rate: 0.0
12/29 18:55:15 - mmengine - INFO - Drop path rate: 0.0
12/29 18:55:15 - mmengine - INFO - Drop path rate: 0.0
12/29 18:55:15 - mmengine - INFO - Drop path rate: 0.0
12/29 18:55:15 - mmengine - INFO - Distributed training is not used, all SyncBatchNorm (SyncBN) layers in the model will be automatically reverted to BatchNormXd layers if they are used.
12/29 18:55:15 - mmengine - INFO - Hooks will be executed in the following order:
before_run:
(VERY_HIGH   ) RuntimeInfoHook                    
(BELOW_NORMAL) LoggerHook                         
(LOWEST      ) EarlyStoppingHook                  
 -------------------- 
before_train:
(VERY_HIGH   ) RuntimeInfoHook                    
(NORMAL      ) IterTimerHook                      
(VERY_LOW    ) CheckpointHook                     
 -------------------- 
before_train_epoch:
(VERY_HIGH   ) RuntimeInfoHook                    
(NORMAL      ) IterTimerHook                      
(NORMAL      ) DistSamplerSeedHook                
 -------------------- 
before_train_iter:
(VERY_HIGH   ) RuntimeInfoHook                    
(NORMAL      ) IterTimerHook                      
 -------------------- 
after_train_iter:
(VERY_HIGH   ) RuntimeInfoHook                    
(NORMAL      ) IterTimerHook                      
(BELOW_NORMAL) LoggerHook                         
(LOW         ) ParamSchedulerHook                 
(VERY_LOW    ) CheckpointHook                     
 -------------------- 
after_train_epoch:
(NORMAL      ) IterTimerHook                      
(NORMAL      ) SyncBuffersHook                    
(LOW         ) ParamSchedulerHook                 
(VERY_LOW    ) CheckpointHook                     
 -------------------- 
before_val:
(VERY_HIGH   ) RuntimeInfoHook                    
 -------------------- 
before_val_epoch:
(NORMAL      ) IterTimerHook                      
(NORMAL      ) SyncBuffersHook                    
 -------------------- 
before_val_iter:
(NORMAL      ) IterTimerHook                      
 -------------------- 
after_val_iter:
(NORMAL      ) IterTimerHook                      
(BELOW_NORMAL) LoggerHook                         
 -------------------- 
after_val_epoch:
(VERY_HIGH   ) RuntimeInfoHook                    
(NORMAL      ) IterTimerHook                      
(BELOW_NORMAL) LoggerHook                         
(LOW         ) ParamSchedulerHook                 
(VERY_LOW    ) CheckpointHook                     
(LOWEST      ) EarlyStoppingHook                  
 -------------------- 
after_val:
(VERY_HIGH   ) RuntimeInfoHook                    
 -------------------- 
after_train:
(VERY_HIGH   ) RuntimeInfoHook                    
(VERY_LOW    ) CheckpointHook                     
 -------------------- 
before_test:
(VERY_HIGH   ) RuntimeInfoHook                    
 -------------------- 
before_test_epoch:
(NORMAL      ) IterTimerHook                      
 -------------------- 
before_test_iter:
(NORMAL      ) IterTimerHook                      
 -------------------- 
after_test_iter:
(NORMAL      ) IterTimerHook                      
(BELOW_NORMAL) LoggerHook                         
 -------------------- 
after_test_epoch:
(VERY_HIGH   ) RuntimeInfoHook                    
(NORMAL      ) IterTimerHook                      
(BELOW_NORMAL) LoggerHook                         
 -------------------- 
after_test:
(VERY_HIGH   ) RuntimeInfoHook                    
 -------------------- 
after_run:
(BELOW_NORMAL) LoggerHook                         
 -------------------- 
12/29 18:55:15 - mmengine - INFO - paramwise_options -- backbone.ln_pre.weight:weight_decay=0.0
12/29 18:55:15 - mmengine - INFO - paramwise_options -- backbone.ln_pre.bias:weight_decay=0.0
12/29 18:55:15 - mmengine - INFO - paramwise_options -- backbone.transformer.resblocks.0.attn.out_proj.bias:weight_decay=0.0
12/29 18:55:15 - mmengine - INFO - paramwise_options -- backbone.transformer.resblocks.0.ln_1.weight:weight_decay=0.0
12/29 18:55:15 - mmengine - INFO - paramwise_options -- backbone.transformer.resblocks.0.ln_1.bias:weight_decay=0.0
12/29 18:55:15 - mmengine - INFO - paramwise_options -- backbone.transformer.resblocks.0.mlp.c_fc.bias:weight_decay=0.0
12/29 18:55:15 - mmengine - INFO - paramwise_options -- backbone.transformer.resblocks.0.mlp.c_proj.bias:weight_decay=0.0
12/29 18:55:15 - mmengine - INFO - paramwise_options -- backbone.transformer.resblocks.0.ln_2.weight:weight_decay=0.0
12/29 18:55:15 - mmengine - INFO - paramwise_options -- backbone.transformer.resblocks.0.ln_2.bias:weight_decay=0.0
12/29 18:55:15 - mmengine - INFO - paramwise_options -- backbone.transformer.resblocks.1.attn.out_proj.bias:weight_decay=0.0
12/29 18:55:15 - mmengine - INFO - paramwise_options -- backbone.transformer.resblocks.1.ln_1.weight:weight_decay=0.0
12/29 18:55:15 - mmengine - INFO - paramwise_options -- backbone.transformer.resblocks.1.ln_1.bias:weight_decay=0.0
12/29 18:55:15 - mmengine - INFO - paramwise_options -- backbone.transformer.resblocks.1.mlp.c_fc.bias:weight_decay=0.0
12/29 18:55:15 - mmengine - INFO - paramwise_options -- backbone.transformer.resblocks.1.mlp.c_proj.bias:weight_decay=0.0
12/29 18:55:15 - mmengine - INFO - paramwise_options -- backbone.transformer.resblocks.1.ln_2.weight:weight_decay=0.0
12/29 18:55:15 - mmengine - INFO - paramwise_options -- backbone.transformer.resblocks.1.ln_2.bias:weight_decay=0.0
12/29 18:55:15 - mmengine - INFO - paramwise_options -- backbone.transformer.resblocks.2.attn.out_proj.bias:weight_decay=0.0
12/29 18:55:15 - mmengine - INFO - paramwise_options -- backbone.transformer.resblocks.2.ln_1.weight:weight_decay=0.0
12/29 18:55:15 - mmengine - INFO - paramwise_options -- backbone.transformer.resblocks.2.ln_1.bias:weight_decay=0.0
12/29 18:55:15 - mmengine - INFO - paramwise_options -- backbone.transformer.resblocks.2.mlp.c_fc.bias:weight_decay=0.0
12/29 18:55:15 - mmengine - INFO - paramwise_options -- backbone.transformer.resblocks.2.mlp.c_proj.bias:weight_decay=0.0
12/29 18:55:15 - mmengine - INFO - paramwise_options -- backbone.transformer.resblocks.2.ln_2.weight:weight_decay=0.0
12/29 18:55:15 - mmengine - INFO - paramwise_options -- backbone.transformer.resblocks.2.ln_2.bias:weight_decay=0.0
12/29 18:55:15 - mmengine - INFO - paramwise_options -- backbone.transformer.resblocks.3.attn.out_proj.bias:weight_decay=0.0
12/29 18:55:15 - mmengine - INFO - paramwise_options -- backbone.transformer.resblocks.3.ln_1.weight:weight_decay=0.0
12/29 18:55:15 - mmengine - INFO - paramwise_options -- backbone.transformer.resblocks.3.ln_1.bias:weight_decay=0.0
12/29 18:55:15 - mmengine - INFO - paramwise_options -- backbone.transformer.resblocks.3.mlp.c_fc.bias:weight_decay=0.0
12/29 18:55:15 - mmengine - INFO - paramwise_options -- backbone.transformer.resblocks.3.mlp.c_proj.bias:weight_decay=0.0
12/29 18:55:15 - mmengine - INFO - paramwise_options -- backbone.transformer.resblocks.3.ln_2.weight:weight_decay=0.0
12/29 18:55:15 - mmengine - INFO - paramwise_options -- backbone.transformer.resblocks.3.ln_2.bias:weight_decay=0.0
12/29 18:55:15 - mmengine - INFO - paramwise_options -- backbone.transformer.resblocks.4.attn.out_proj.bias:weight_decay=0.0
12/29 18:55:15 - mmengine - INFO - paramwise_options -- backbone.transformer.resblocks.4.ln_1.weight:weight_decay=0.0
12/29 18:55:15 - mmengine - INFO - paramwise_options -- backbone.transformer.resblocks.4.ln_1.bias:weight_decay=0.0
12/29 18:55:15 - mmengine - INFO - paramwise_options -- backbone.transformer.resblocks.4.mlp.c_fc.bias:weight_decay=0.0
12/29 18:55:15 - mmengine - INFO - paramwise_options -- backbone.transformer.resblocks.4.mlp.c_proj.bias:weight_decay=0.0
12/29 18:55:15 - mmengine - INFO - paramwise_options -- backbone.transformer.resblocks.4.ln_2.weight:weight_decay=0.0
12/29 18:55:15 - mmengine - INFO - paramwise_options -- backbone.transformer.resblocks.4.ln_2.bias:weight_decay=0.0
12/29 18:55:15 - mmengine - INFO - paramwise_options -- backbone.transformer.resblocks.5.attn.out_proj.bias:weight_decay=0.0
12/29 18:55:15 - mmengine - INFO - paramwise_options -- backbone.transformer.resblocks.5.ln_1.weight:weight_decay=0.0
12/29 18:55:15 - mmengine - INFO - paramwise_options -- backbone.transformer.resblocks.5.ln_1.bias:weight_decay=0.0
12/29 18:55:15 - mmengine - INFO - paramwise_options -- backbone.transformer.resblocks.5.mlp.c_fc.bias:weight_decay=0.0
12/29 18:55:15 - mmengine - INFO - paramwise_options -- backbone.transformer.resblocks.5.mlp.c_proj.bias:weight_decay=0.0
12/29 18:55:15 - mmengine - INFO - paramwise_options -- backbone.transformer.resblocks.5.ln_2.weight:weight_decay=0.0
12/29 18:55:15 - mmengine - INFO - paramwise_options -- backbone.transformer.resblocks.5.ln_2.bias:weight_decay=0.0
12/29 18:55:15 - mmengine - INFO - paramwise_options -- backbone.transformer.resblocks.6.attn.out_proj.bias:weight_decay=0.0
12/29 18:55:15 - mmengine - INFO - paramwise_options -- backbone.transformer.resblocks.6.ln_1.weight:weight_decay=0.0
12/29 18:55:15 - mmengine - INFO - paramwise_options -- backbone.transformer.resblocks.6.ln_1.bias:weight_decay=0.0
12/29 18:55:15 - mmengine - INFO - paramwise_options -- backbone.transformer.resblocks.6.mlp.c_fc.bias:weight_decay=0.0
12/29 18:55:15 - mmengine - INFO - paramwise_options -- backbone.transformer.resblocks.6.mlp.c_proj.bias:weight_decay=0.0
12/29 18:55:15 - mmengine - INFO - paramwise_options -- backbone.transformer.resblocks.6.ln_2.weight:weight_decay=0.0
12/29 18:55:15 - mmengine - INFO - paramwise_options -- backbone.transformer.resblocks.6.ln_2.bias:weight_decay=0.0
12/29 18:55:15 - mmengine - INFO - paramwise_options -- backbone.transformer.resblocks.7.attn.out_proj.bias:weight_decay=0.0
12/29 18:55:15 - mmengine - INFO - paramwise_options -- backbone.transformer.resblocks.7.ln_1.weight:weight_decay=0.0
12/29 18:55:15 - mmengine - INFO - paramwise_options -- backbone.transformer.resblocks.7.ln_1.bias:weight_decay=0.0
12/29 18:55:15 - mmengine - INFO - paramwise_options -- backbone.transformer.resblocks.7.mlp.c_fc.bias:weight_decay=0.0
12/29 18:55:15 - mmengine - INFO - paramwise_options -- backbone.transformer.resblocks.7.mlp.c_proj.bias:weight_decay=0.0
12/29 18:55:15 - mmengine - INFO - paramwise_options -- backbone.transformer.resblocks.7.ln_2.weight:weight_decay=0.0
12/29 18:55:15 - mmengine - INFO - paramwise_options -- backbone.transformer.resblocks.7.ln_2.bias:weight_decay=0.0
12/29 18:55:15 - mmengine - INFO - paramwise_options -- backbone.transformer.resblocks.8.attn.out_proj.bias:weight_decay=0.0
12/29 18:55:15 - mmengine - INFO - paramwise_options -- backbone.transformer.resblocks.8.ln_1.weight:weight_decay=0.0
12/29 18:55:15 - mmengine - INFO - paramwise_options -- backbone.transformer.resblocks.8.ln_1.bias:weight_decay=0.0
12/29 18:55:15 - mmengine - INFO - paramwise_options -- backbone.transformer.resblocks.8.mlp.c_fc.bias:weight_decay=0.0
12/29 18:55:15 - mmengine - INFO - paramwise_options -- backbone.transformer.resblocks.8.mlp.c_proj.bias:weight_decay=0.0
12/29 18:55:15 - mmengine - INFO - paramwise_options -- backbone.transformer.resblocks.8.ln_2.weight:weight_decay=0.0
12/29 18:55:15 - mmengine - INFO - paramwise_options -- backbone.transformer.resblocks.8.ln_2.bias:weight_decay=0.0
12/29 18:55:15 - mmengine - INFO - paramwise_options -- backbone.transformer.resblocks.9.attn.out_proj.bias:weight_decay=0.0
12/29 18:55:15 - mmengine - INFO - paramwise_options -- backbone.transformer.resblocks.9.ln_1.weight:weight_decay=0.0
12/29 18:55:15 - mmengine - INFO - paramwise_options -- backbone.transformer.resblocks.9.ln_1.bias:weight_decay=0.0
12/29 18:55:15 - mmengine - INFO - paramwise_options -- backbone.transformer.resblocks.9.mlp.c_fc.bias:weight_decay=0.0
12/29 18:55:15 - mmengine - INFO - paramwise_options -- backbone.transformer.resblocks.9.mlp.c_proj.bias:weight_decay=0.0
12/29 18:55:15 - mmengine - INFO - paramwise_options -- backbone.transformer.resblocks.9.ln_2.weight:weight_decay=0.0
12/29 18:55:15 - mmengine - INFO - paramwise_options -- backbone.transformer.resblocks.9.ln_2.bias:weight_decay=0.0
12/29 18:55:15 - mmengine - INFO - paramwise_options -- backbone.transformer.resblocks.10.attn.out_proj.bias:weight_decay=0.0
12/29 18:55:15 - mmengine - INFO - paramwise_options -- backbone.transformer.resblocks.10.ln_1.weight:weight_decay=0.0
12/29 18:55:15 - mmengine - INFO - paramwise_options -- backbone.transformer.resblocks.10.ln_1.bias:weight_decay=0.0
12/29 18:55:15 - mmengine - INFO - paramwise_options -- backbone.transformer.resblocks.10.mlp.c_fc.bias:weight_decay=0.0
12/29 18:55:15 - mmengine - INFO - paramwise_options -- backbone.transformer.resblocks.10.mlp.c_proj.bias:weight_decay=0.0
12/29 18:55:15 - mmengine - INFO - paramwise_options -- backbone.transformer.resblocks.10.ln_2.weight:weight_decay=0.0
12/29 18:55:15 - mmengine - INFO - paramwise_options -- backbone.transformer.resblocks.10.ln_2.bias:weight_decay=0.0
12/29 18:55:15 - mmengine - INFO - paramwise_options -- backbone.transformer.resblocks.11.attn.out_proj.bias:weight_decay=0.0
12/29 18:55:15 - mmengine - INFO - paramwise_options -- backbone.transformer.resblocks.11.ln_1.weight:weight_decay=0.0
12/29 18:55:15 - mmengine - INFO - paramwise_options -- backbone.transformer.resblocks.11.ln_1.bias:weight_decay=0.0
12/29 18:55:15 - mmengine - INFO - paramwise_options -- backbone.transformer.resblocks.11.mlp.c_fc.bias:weight_decay=0.0
12/29 18:55:15 - mmengine - INFO - paramwise_options -- backbone.transformer.resblocks.11.mlp.c_proj.bias:weight_decay=0.0
12/29 18:55:15 - mmengine - INFO - paramwise_options -- backbone.transformer.resblocks.11.ln_2.weight:weight_decay=0.0
12/29 18:55:15 - mmengine - INFO - paramwise_options -- backbone.transformer.resblocks.11.ln_2.bias:weight_decay=0.0
12/29 18:55:15 - mmengine - INFO - paramwise_options -- backbone.transformer.dpe.0.bias:weight_decay=0.0
12/29 18:55:15 - mmengine - INFO - paramwise_options -- backbone.transformer.dpe.1.bias:weight_decay=0.0
12/29 18:55:15 - mmengine - INFO - paramwise_options -- backbone.transformer.dpe.2.bias:weight_decay=0.0
12/29 18:55:15 - mmengine - INFO - paramwise_options -- backbone.transformer.dpe.3.bias:weight_decay=0.0
12/29 18:55:15 - mmengine - INFO - paramwise_options -- backbone.transformer.dec.0.attn.out_proj.bias:weight_decay=0.0
12/29 18:55:15 - mmengine - INFO - paramwise_options -- backbone.transformer.dec.0.ln_1.weight:weight_decay=0.0
12/29 18:55:15 - mmengine - INFO - paramwise_options -- backbone.transformer.dec.0.ln_1.bias:weight_decay=0.0
12/29 18:55:15 - mmengine - INFO - paramwise_options -- backbone.transformer.dec.0.mlp.c_fc.bias:weight_decay=0.0
12/29 18:55:15 - mmengine - INFO - paramwise_options -- backbone.transformer.dec.0.mlp.c_proj.bias:weight_decay=0.0
12/29 18:55:15 - mmengine - INFO - paramwise_options -- backbone.transformer.dec.0.ln_2.weight:weight_decay=0.0
12/29 18:55:15 - mmengine - INFO - paramwise_options -- backbone.transformer.dec.0.ln_2.bias:weight_decay=0.0
12/29 18:55:15 - mmengine - INFO - paramwise_options -- backbone.transformer.dec.0.ln_3.weight:weight_decay=0.0
12/29 18:55:15 - mmengine - INFO - paramwise_options -- backbone.transformer.dec.0.ln_3.bias:weight_decay=0.0
12/29 18:55:15 - mmengine - INFO - paramwise_options -- backbone.transformer.dec.1.attn.out_proj.bias:weight_decay=0.0
12/29 18:55:15 - mmengine - INFO - paramwise_options -- backbone.transformer.dec.1.ln_1.weight:weight_decay=0.0
12/29 18:55:15 - mmengine - INFO - paramwise_options -- backbone.transformer.dec.1.ln_1.bias:weight_decay=0.0
12/29 18:55:15 - mmengine - INFO - paramwise_options -- backbone.transformer.dec.1.mlp.c_fc.bias:weight_decay=0.0
12/29 18:55:15 - mmengine - INFO - paramwise_options -- backbone.transformer.dec.1.mlp.c_proj.bias:weight_decay=0.0
12/29 18:55:15 - mmengine - INFO - paramwise_options -- backbone.transformer.dec.1.ln_2.weight:weight_decay=0.0
12/29 18:55:15 - mmengine - INFO - paramwise_options -- backbone.transformer.dec.1.ln_2.bias:weight_decay=0.0
12/29 18:55:15 - mmengine - INFO - paramwise_options -- backbone.transformer.dec.1.ln_3.weight:weight_decay=0.0
12/29 18:55:15 - mmengine - INFO - paramwise_options -- backbone.transformer.dec.1.ln_3.bias:weight_decay=0.0
12/29 18:55:15 - mmengine - INFO - paramwise_options -- backbone.transformer.dec.2.attn.out_proj.bias:weight_decay=0.0
12/29 18:55:15 - mmengine - INFO - paramwise_options -- backbone.transformer.dec.2.ln_1.weight:weight_decay=0.0
12/29 18:55:15 - mmengine - INFO - paramwise_options -- backbone.transformer.dec.2.ln_1.bias:weight_decay=0.0
12/29 18:55:15 - mmengine - INFO - paramwise_options -- backbone.transformer.dec.2.mlp.c_fc.bias:weight_decay=0.0
12/29 18:55:15 - mmengine - INFO - paramwise_options -- backbone.transformer.dec.2.mlp.c_proj.bias:weight_decay=0.0
12/29 18:55:15 - mmengine - INFO - paramwise_options -- backbone.transformer.dec.2.ln_2.weight:weight_decay=0.0
12/29 18:55:15 - mmengine - INFO - paramwise_options -- backbone.transformer.dec.2.ln_2.bias:weight_decay=0.0
12/29 18:55:15 - mmengine - INFO - paramwise_options -- backbone.transformer.dec.2.ln_3.weight:weight_decay=0.0
12/29 18:55:15 - mmengine - INFO - paramwise_options -- backbone.transformer.dec.2.ln_3.bias:weight_decay=0.0
12/29 18:55:15 - mmengine - INFO - paramwise_options -- backbone.transformer.dec.3.attn.out_proj.bias:weight_decay=0.0
12/29 18:55:15 - mmengine - INFO - paramwise_options -- backbone.transformer.dec.3.ln_1.weight:weight_decay=0.0
12/29 18:55:15 - mmengine - INFO - paramwise_options -- backbone.transformer.dec.3.ln_1.bias:weight_decay=0.0
12/29 18:55:15 - mmengine - INFO - paramwise_options -- backbone.transformer.dec.3.mlp.c_fc.bias:weight_decay=0.0
12/29 18:55:15 - mmengine - INFO - paramwise_options -- backbone.transformer.dec.3.mlp.c_proj.bias:weight_decay=0.0
12/29 18:55:15 - mmengine - INFO - paramwise_options -- backbone.transformer.dec.3.ln_2.weight:weight_decay=0.0
12/29 18:55:15 - mmengine - INFO - paramwise_options -- backbone.transformer.dec.3.ln_2.bias:weight_decay=0.0
12/29 18:55:15 - mmengine - INFO - paramwise_options -- backbone.transformer.dec.3.ln_3.weight:weight_decay=0.0
12/29 18:55:15 - mmengine - INFO - paramwise_options -- backbone.transformer.dec.3.ln_3.bias:weight_decay=0.0
12/29 18:55:15 - mmengine - INFO - paramwise_options -- backbone.transformer.norm.weight:weight_decay=0.0
12/29 18:55:15 - mmengine - INFO - paramwise_options -- backbone.transformer.norm.bias:weight_decay=0.0
12/29 18:55:15 - mmengine - INFO - paramwise_options -- cls_head.fc_cls.bias:weight_decay=0.0
12/29 18:55:15 - mmengine - INFO - LR is set based on batch size of 256 and the current batch size is 8. Scaling the original LR by 0.03125.
12/29 18:55:16 - mmengine - INFO - load model from: ViT-B/16
12/29 18:55:16 - mmengine - INFO - Load CLIP pretrained model from https://download.openmmlab.com/mmaction/v1.0/recognition/uniformerv2/clipVisualEncoder/vit-base-p16-res224_clip-rgb_20221219-b8a5da86.pth
Loads checkpoint by http backend from path: https://download.openmmlab.com/mmaction/v1.0/recognition/uniformerv2/clipVisualEncoder/vit-base-p16-res224_clip-rgb_20221219-b8a5da86.pth
12/29 18:55:16 - mmengine - INFO - Inflate: conv1.weight, torch.Size([768, 3, 16, 16]) => torch.Size([768, 3, 1, 16, 16])
12/29 18:55:16 - mmengine - INFO - Init center: True
12/29 18:55:16 - mmengine - WARNING - "FileClient" will be deprecated in future. Please use io functions in https://mmengine.readthedocs.io/en/latest/api/fileio.html#file-io
12/29 18:55:16 - mmengine - WARNING - "HardDiskBackend" is the alias of "LocalBackend" and the former will be deprecated in future.
12/29 18:55:16 - mmengine - INFO - Checkpoints will be saved to /mimer/NOBACKUP/groups/ulio_inverse/human-fall-detection/michail/experiments/mmaction2/work_dirs/UNI_50_RFDS.
/mimer/NOBACKUP/groups/ulio_inverse/human-fall-detection/myenv/lib/python3.8/site-packages/mmengine/optim/optimizer/zero_optimizer.py:11: DeprecationWarning: `TorchScript` support for functional optimizers is deprecated and will be removed in a future PyTorch release. Consider using the `torch.compile` optimizer instead.
  from torch.distributed.optim import \
/mimer/NOBACKUP/groups/ulio_inverse/human-fall-detection/myenv/lib/python3.8/site-packages/mmcv/cnn/bricks/transformer.py:33: UserWarning: Fail to import ``MultiScaleDeformableAttention`` from ``mmcv.ops.multi_scale_deform_attn``, You should install ``mmcv`` rather than ``mmcv-lite`` if you need this module. 
  warnings.warn('Fail to import ``MultiScaleDeformableAttention`` from '
12/29 19:00:34 - mmengine - INFO - Epoch(train)   [1][100/145]  base_lr: 2.2307e-06 lr: 6.9708e-08  eta: 19:08:41  time: 3.1687  data_time: 0.0117  memory: 65637  grad_norm: 60.5886  loss: 0.7817  top1_acc: 0.5000  top5_acc: 1.0000  loss_cls: 0.7817
12/29 19:02:54 - mmengine - INFO - Exp name: UNI_50_RFDS_20241229_185513
12/29 19:02:54 - mmengine - INFO - Epoch(train)   [1][145/145]  base_lr: 2.7901e-06 lr: 8.7189e-08  eta: 18:57:50  time: 3.0295  data_time: 0.0117  memory: 65637  grad_norm: 69.4311  loss: 0.7361  top1_acc: 1.0000  top5_acc: 1.0000  loss_cls: 0.7361
12/29 19:03:31 - mmengine - INFO - Epoch(val) [1][37/37]    acc/top1: 0.5640  acc/top5: 1.0000  acc/mean1: 0.5695  confusion_matrix/result: 
tensor([[ 51,  97],
        [ 29, 112]])
  data_time: 0.0318  time: 0.9849
12/29 19:03:31 - mmengine - INFO - The best checkpoint with 0.5640 acc/top1 at 1 epoch is saved to best_acc_top1_epoch_1.pth.
12/29 19:08:49 - mmengine - INFO - Epoch(train)   [2][100/145]  base_lr: 4.0331e-06 lr: 1.2604e-07  eta: 18:54:39  time: 3.1713  data_time: 0.0120  memory: 65637  grad_norm: 63.9096  loss: 0.7616  top1_acc: 0.5000  top5_acc: 1.0000  loss_cls: 0.7616
12/29 19:11:09 - mmengine - INFO - Exp name: UNI_50_RFDS_20241229_185513
12/29 19:11:09 - mmengine - INFO - Epoch(train)   [2][145/145]  base_lr: 4.5925e-06 lr: 1.4352e-07  eta: 18:49:02  time: 3.0289  data_time: 0.0119  memory: 65637  grad_norm: 63.6368  loss: 0.7167  top1_acc: 1.0000  top5_acc: 1.0000  loss_cls: 0.7167
12/29 19:11:45 - mmengine - INFO - Epoch(val) [2][37/37]    acc/top1: 0.5640  acc/top5: 1.0000  acc/mean1: 0.5710  confusion_matrix/result: 
tensor([[ 42, 106],
        [ 20, 121]])
  data_time: 0.0175  time: 0.9494
12/29 19:17:02 - mmengine - INFO - Epoch(train)   [3][100/145]  base_lr: 5.8356e-06 lr: 1.8236e-07  eta: 18:45:15  time: 3.1692  data_time: 0.0117  memory: 65637  grad_norm: 65.5770  loss: 0.6712  top1_acc: 0.7500  top5_acc: 1.0000  loss_cls: 0.6712
12/29 19:19:22 - mmengine - INFO - Exp name: UNI_50_RFDS_20241229_185513
12/29 19:19:22 - mmengine - INFO - Epoch(train)   [3][145/145]  base_lr: 6.3950e-06 lr: 1.9984e-07  eta: 18:40:55  time: 3.0288  data_time: 0.0120  memory: 65637  grad_norm: 92.4754  loss: 0.7191  top1_acc: 1.0000  top5_acc: 1.0000  loss_cls: 0.7191
12/29 19:19:22 - mmengine - INFO - Saving checkpoint at 3 epochs
12/29 19:20:00 - mmengine - INFO - Epoch(val) [3][37/37]    acc/top1: 0.6090  acc/top5: 1.0000  acc/mean1: 0.6095  confusion_matrix/result: 
tensor([[87, 61],
        [52, 89]])
  data_time: 0.0173  time: 0.9495
12/29 19:20:00 - mmengine - INFO - The previous best checkpoint /mimer/NOBACKUP/groups/ulio_inverse/human-fall-detection/michail/experiments/mmaction2/work_dirs/UNI_50_RFDS/best_acc_top1_epoch_1.pth is removed
12/29 19:20:00 - mmengine - INFO - The best checkpoint with 0.6090 acc/top1 at 3 epoch is saved to best_acc_top1_epoch_3.pth.
12/29 19:25:20 - mmengine - INFO - Epoch(train)   [4][100/145]  base_lr: 7.6381e-06 lr: 2.3869e-07  eta: 18:37:01  time: 3.1707  data_time: 0.0121  memory: 65637  grad_norm: 111.5020  loss: 0.6972  top1_acc: 0.3750  top5_acc: 1.0000  loss_cls: 0.6972
12/29 19:27:40 - mmengine - INFO - Exp name: UNI_50_RFDS_20241229_185513
12/29 19:27:40 - mmengine - INFO - Epoch(train)   [4][145/145]  base_lr: 8.1975e-06 lr: 2.5617e-07  eta: 18:33:15  time: 3.0292  data_time: 0.0121  memory: 65637  grad_norm: 164.9777  loss: 0.7138  top1_acc: 0.0000  top5_acc: 1.0000  loss_cls: 0.7138
12/29 19:28:16 - mmengine - INFO - Epoch(val) [4][37/37]    acc/top1: 0.6540  acc/top5: 1.0000  acc/mean1: 0.6593  confusion_matrix/result: 
tensor([[ 65,  83],
        [ 17, 124]])
  data_time: 0.0175  time: 0.9494
12/29 19:28:16 - mmengine - INFO - The previous best checkpoint /mimer/NOBACKUP/groups/ulio_inverse/human-fall-detection/michail/experiments/mmaction2/work_dirs/UNI_50_RFDS/best_acc_top1_epoch_3.pth is removed
12/29 19:28:17 - mmengine - INFO - The best checkpoint with 0.6540 acc/top1 at 4 epoch is saved to best_acc_top1_epoch_4.pth.
12/29 19:33:36 - mmengine - INFO - Epoch(train)   [5][100/145]  base_lr: 9.4406e-06 lr: 2.9502e-07  eta: 18:28:57  time: 3.1701  data_time: 0.0120  memory: 65637  grad_norm: 145.2951  loss: 0.6373  top1_acc: 0.5000  top5_acc: 1.0000  loss_cls: 0.6373
12/29 19:35:56 - mmengine - INFO - Exp name: UNI_50_RFDS_20241229_185513
12/29 19:35:56 - mmengine - INFO - Epoch(train)   [5][145/145]  base_lr: 1.0000e-05 lr: 3.1250e-07  eta: 18:25:30  time: 3.0288  data_time: 0.0125  memory: 65637  grad_norm: 184.6952  loss: 0.5993  top1_acc: 1.0000  top5_acc: 1.0000  loss_cls: 0.5993
12/29 19:36:32 - mmengine - INFO - Epoch(val) [5][37/37]    acc/top1: 0.6920  acc/top5: 1.0000  acc/mean1: 0.6924  confusion_matrix/result: 
tensor([[100,  48],
        [ 41, 100]])
  data_time: 0.0174  time: 0.9495
12/29 19:36:32 - mmengine - INFO - The previous best checkpoint /mimer/NOBACKUP/groups/ulio_inverse/human-fall-detection/michail/experiments/mmaction2/work_dirs/UNI_50_RFDS/best_acc_top1_epoch_4.pth is removed
12/29 19:36:33 - mmengine - INFO - The best checkpoint with 0.6920 acc/top1 at 5 epoch is saved to best_acc_top1_epoch_5.pth.
12/29 19:41:52 - mmengine - INFO - Epoch(train)   [6][100/145]  base_lr: 9.9959e-06 lr: 3.1237e-07  eta: 18:21:03  time: 3.1719  data_time: 0.0125  memory: 65637  grad_norm: 157.1642  loss: 0.5733  top1_acc: 0.6250  top5_acc: 1.0000  loss_cls: 0.5733
12/29 19:44:12 - mmengine - INFO - Exp name: UNI_50_RFDS_20241229_185513
12/29 19:44:12 - mmengine - INFO - Epoch(train)   [6][145/145]  base_lr: 9.9912e-06 lr: 3.1223e-07  eta: 18:17:48  time: 3.0285  data_time: 0.0121  memory: 65637  grad_norm: 197.1815  loss: 0.5719  top1_acc: 1.0000  top5_acc: 1.0000  loss_cls: 0.5719
12/29 19:44:12 - mmengine - INFO - Saving checkpoint at 6 epochs
12/29 19:44:50 - mmengine - INFO - Epoch(val) [6][37/37]    acc/top1: 0.7093  acc/top5: 1.0000  acc/mean1: 0.7107  confusion_matrix/result: 
tensor([[ 97,  51],
        [ 33, 108]])
  data_time: 0.0171  time: 0.9485
12/29 19:44:50 - mmengine - INFO - The previous best checkpoint /mimer/NOBACKUP/groups/ulio_inverse/human-fall-detection/michail/experiments/mmaction2/work_dirs/UNI_50_RFDS/best_acc_top1_epoch_5.pth is removed
12/29 19:44:51 - mmengine - INFO - The best checkpoint with 0.7093 acc/top1 at 6 epoch is saved to best_acc_top1_epoch_6.pth.
12/29 19:50:10 - mmengine - INFO - Epoch(train)   [7][100/145]  base_lr: 9.9749e-06 lr: 3.1171e-07  eta: 18:13:14  time: 3.1708  data_time: 0.0123  memory: 65637  grad_norm: 260.0102  loss: 0.5969  top1_acc: 1.0000  top5_acc: 1.0000  loss_cls: 0.5969
12/29 19:51:45 - mmengine - INFO - Exp name: UNI_50_RFDS_20241229_185513
12/29 19:52:30 - mmengine - INFO - Exp name: UNI_50_RFDS_20241229_185513
12/29 19:52:30 - mmengine - INFO - Epoch(train)   [7][145/145]  base_lr: 9.9648e-06 lr: 3.1140e-07  eta: 18:10:08  time: 3.0301  data_time: 0.0123  memory: 65637  grad_norm: 265.9028  loss: 0.6875  top1_acc: 0.0000  top5_acc: 1.0000  loss_cls: 0.6875
12/29 19:53:06 - mmengine - INFO - Epoch(val) [7][37/37]    acc/top1: 0.7059  acc/top5: 1.0000  acc/mean1: 0.7066  confusion_matrix/result: 
tensor([[100,  48],
        [ 37, 104]])
  data_time: 0.0174  time: 0.9485
12/29 19:58:23 - mmengine - INFO - Epoch(train)   [8][100/145]  base_lr: 9.9362e-06 lr: 3.1051e-07  eta: 18:05:27  time: 3.1705  data_time: 0.0123  memory: 65637  grad_norm: 234.1671  loss: 0.6371  top1_acc: 0.2500  top5_acc: 1.0000  loss_cls: 0.6371
12/29 20:00:43 - mmengine - INFO - Exp name: UNI_50_RFDS_20241229_185513
12/29 20:00:43 - mmengine - INFO - Epoch(train)   [8][145/145]  base_lr: 9.9207e-06 lr: 3.1002e-07  eta: 18:02:27  time: 3.0297  data_time: 0.0122  memory: 65637  grad_norm: 251.4363  loss: 0.5272  top1_acc: 1.0000  top5_acc: 1.0000  loss_cls: 0.5272
12/29 20:01:19 - mmengine - INFO - Epoch(val) [8][37/37]    acc/top1: 0.6678  acc/top5: 1.0000  acc/mean1: 0.6639  confusion_matrix/result: 
tensor([[122,  26],
        [ 70,  71]])
  data_time: 0.0175  time: 0.9486
12/29 20:06:36 - mmengine - INFO - Epoch(train)   [9][100/145]  base_lr: 9.8801e-06 lr: 3.0875e-07  eta: 17:57:42  time: 3.1698  data_time: 0.0123  memory: 65637  grad_norm: 238.5673  loss: 0.5200  top1_acc: 0.7500  top5_acc: 1.0000  loss_cls: 0.5200
12/29 20:08:56 - mmengine - INFO - Exp name: UNI_50_RFDS_20241229_185513
12/29 20:08:56 - mmengine - INFO - Epoch(train)   [9][145/145]  base_lr: 9.8591e-06 lr: 3.0810e-07  eta: 17:54:46  time: 3.0286  data_time: 0.0123  memory: 65637  grad_norm: 365.3100  loss: 0.6143  top1_acc: 0.0000  top5_acc: 1.0000  loss_cls: 0.6143
12/29 20:08:56 - mmengine - INFO - Saving checkpoint at 9 epochs
12/29 20:09:34 - mmengine - INFO - Epoch(val) [9][37/37]    acc/top1: 0.7266  acc/top5: 1.0000  acc/mean1: 0.7291  confusion_matrix/result: 
tensor([[ 93,  55],
        [ 24, 117]])
  data_time: 0.0172  time: 0.9490
12/29 20:09:34 - mmengine - INFO - The previous best checkpoint /mimer/NOBACKUP/groups/ulio_inverse/human-fall-detection/michail/experiments/mmaction2/work_dirs/UNI_50_RFDS/best_acc_top1_epoch_6.pth is removed
12/29 20:09:35 - mmengine - INFO - The best checkpoint with 0.7266 acc/top1 at 9 epoch is saved to best_acc_top1_epoch_9.pth.
12/29 20:14:54 - mmengine - INFO - Epoch(train)  [10][100/145]  base_lr: 9.8066e-06 lr: 3.0646e-07  eta: 17:49:58  time: 3.1698  data_time: 0.0121  memory: 65637  grad_norm: 326.4981  loss: 0.6024  top1_acc: 1.0000  top5_acc: 1.0000  loss_cls: 0.6024
12/29 20:17:14 - mmengine - INFO - Exp name: UNI_50_RFDS_20241229_185513
12/29 20:17:14 - mmengine - INFO - Epoch(train)  [10][145/145]  base_lr: 9.7804e-06 lr: 3.0564e-07  eta: 17:47:06  time: 3.0296  data_time: 0.0121  memory: 65637  grad_norm: 367.1857  loss: 0.5524  top1_acc: 1.0000  top5_acc: 1.0000  loss_cls: 0.5524
12/29 20:17:50 - mmengine - INFO - Epoch(val) [10][37/37]    acc/top1: 0.7266  acc/top5: 1.0000  acc/mean1: 0.7257  confusion_matrix/result: 
tensor([[113,  35],
        [ 44,  97]])
  data_time: 0.0174  time: 0.9482
12/29 20:23:07 - mmengine - INFO - Epoch(train)  [11][100/145]  base_lr: 9.7162e-06 lr: 3.0363e-07  eta: 17:42:16  time: 3.1698  data_time: 0.0122  memory: 65637  grad_norm: 346.7050  loss: 0.5193  top1_acc: 0.7500  top5_acc: 1.0000  loss_cls: 0.5193
12/29 20:25:27 - mmengine - INFO - Exp name: UNI_50_RFDS_20241229_185513
12/29 20:25:27 - mmengine - INFO - Epoch(train)  [11][145/145]  base_lr: 9.6847e-06 lr: 3.0265e-07  eta: 17:39:27  time: 3.0289  data_time: 0.0123  memory: 65637  grad_norm: 360.5364  loss: 0.5146  top1_acc: 1.0000  top5_acc: 1.0000  loss_cls: 0.5146
12/29 20:26:03 - mmengine - INFO - Epoch(val) [11][37/37]    acc/top1: 0.7405  acc/top5: 1.0000  acc/mean1: 0.7433  confusion_matrix/result: 
tensor([[ 93,  55],
        [ 20, 121]])
  data_time: 0.0176  time: 0.9496
12/29 20:26:03 - mmengine - INFO - The previous best checkpoint /mimer/NOBACKUP/groups/ulio_inverse/human-fall-detection/michail/experiments/mmaction2/work_dirs/UNI_50_RFDS/best_acc_top1_epoch_9.pth is removed
12/29 20:26:04 - mmengine - INFO - The best checkpoint with 0.7405 acc/top1 at 11 epoch is saved to best_acc_top1_epoch_11.pth.
12/29 20:31:23 - mmengine - INFO - Epoch(train)  [12][100/145]  base_lr: 9.6091e-06 lr: 3.0028e-07  eta: 17:34:34  time: 3.1695  data_time: 0.0119  memory: 65637  grad_norm: 306.5736  loss: 0.5455  top1_acc: 0.6250  top5_acc: 1.0000  loss_cls: 0.5455
12/29 20:33:43 - mmengine - INFO - Exp name: UNI_50_RFDS_20241229_185513
12/29 20:33:43 - mmengine - INFO - Epoch(train)  [12][145/145]  base_lr: 9.5726e-06 lr: 2.9914e-07  eta: 17:31:47  time: 3.0289  data_time: 0.0121  memory: 65637  grad_norm: 392.7111  loss: 0.5037  top1_acc: 1.0000  top5_acc: 1.0000  loss_cls: 0.5037
12/29 20:33:43 - mmengine - INFO - Saving checkpoint at 12 epochs
12/29 20:34:21 - mmengine - INFO - Epoch(val) [12][37/37]    acc/top1: 0.7612  acc/top5: 1.0000  acc/mean1: 0.7622  confusion_matrix/result: 
tensor([[107,  41],
        [ 28, 113]])
  data_time: 0.0170  time: 0.9487
12/29 20:34:21 - mmengine - INFO - The previous best checkpoint /mimer/NOBACKUP/groups/ulio_inverse/human-fall-detection/michail/experiments/mmaction2/work_dirs/UNI_50_RFDS/best_acc_top1_epoch_11.pth is removed
12/29 20:34:21 - mmengine - INFO - The best checkpoint with 0.7612 acc/top1 at 12 epoch is saved to best_acc_top1_epoch_12.pth.
12/29 20:39:41 - mmengine - INFO - Epoch(train)  [13][100/145]  base_lr: 9.4858e-06 lr: 2.9643e-07  eta: 17:26:51  time: 3.1680  data_time: 0.0121  memory: 65637  grad_norm: 504.2800  loss: 0.6381  top1_acc: 0.5000  top5_acc: 1.0000  loss_cls: 0.6381
12/29 20:42:00 - mmengine - INFO - Exp name: UNI_50_RFDS_20241229_185513
12/29 20:42:00 - mmengine - INFO - Epoch(train)  [13][145/145]  base_lr: 9.4443e-06 lr: 2.9513e-07  eta: 17:24:06  time: 3.0266  data_time: 0.0121  memory: 65637  grad_norm: 543.4211  loss: 0.5153  top1_acc: 1.0000  top5_acc: 1.0000  loss_cls: 0.5153
12/29 20:42:36 - mmengine - INFO - Epoch(val) [13][37/37]    acc/top1: 0.7785  acc/top5: 1.0000  acc/mean1: 0.7814  confusion_matrix/result: 
tensor([[ 98,  50],
        [ 14, 127]])
  data_time: 0.0171  time: 0.9483
12/29 20:42:36 - mmengine - INFO - The previous best checkpoint /mimer/NOBACKUP/groups/ulio_inverse/human-fall-detection/michail/experiments/mmaction2/work_dirs/UNI_50_RFDS/best_acc_top1_epoch_12.pth is removed
12/29 20:42:37 - mmengine - INFO - The best checkpoint with 0.7785 acc/top1 at 13 epoch is saved to best_acc_top1_epoch_13.pth.
12/29 20:47:56 - mmengine - INFO - Epoch(train)  [14][100/145]  base_lr: 9.3468e-06 lr: 2.9209e-07  eta: 17:19:08  time: 3.1692  data_time: 0.0121  memory: 65637  grad_norm: 407.5013  loss: 0.5242  top1_acc: 0.8750  top5_acc: 1.0000  loss_cls: 0.5242
12/29 20:48:43 - mmengine - INFO - Exp name: UNI_50_RFDS_20241229_185513
12/29 20:50:16 - mmengine - INFO - Exp name: UNI_50_RFDS_20241229_185513
12/29 20:50:16 - mmengine - INFO - Epoch(train)  [14][145/145]  base_lr: 9.3005e-06 lr: 2.9064e-07  eta: 17:16:25  time: 3.0281  data_time: 0.0122  memory: 65637  grad_norm: 316.5394  loss: 0.4330  top1_acc: 1.0000  top5_acc: 1.0000  loss_cls: 0.4330
12/29 20:50:52 - mmengine - INFO - Epoch(val) [14][37/37]    acc/top1: 0.7578  acc/top5: 1.0000  acc/mean1: 0.7581  confusion_matrix/result: 
tensor([[110,  38],
        [ 32, 109]])
  data_time: 0.0173  time: 0.9486
12/29 20:56:09 - mmengine - INFO - Epoch(train)  [15][100/145]  base_lr: 9.1926e-06 lr: 2.8727e-07  eta: 17:11:27  time: 3.1707  data_time: 0.0123  memory: 65637  grad_norm: 337.4412  loss: 0.5199  top1_acc: 0.8750  top5_acc: 1.0000  loss_cls: 0.5199
12/29 20:58:29 - mmengine - INFO - Exp name: UNI_50_RFDS_20241229_185513
12/29 20:58:29 - mmengine - INFO - Epoch(train)  [15][145/145]  base_lr: 9.1417e-06 lr: 2.8568e-07  eta: 17:08:46  time: 3.0284  data_time: 0.0122  memory: 65637  grad_norm: 293.3294  loss: 0.5450  top1_acc: 1.0000  top5_acc: 1.0000  loss_cls: 0.5450
12/29 20:58:29 - mmengine - INFO - Saving checkpoint at 15 epochs
12/29 20:59:07 - mmengine - INFO - Epoch(val) [15][37/37]    acc/top1: 0.7509  acc/top5: 1.0000  acc/mean1: 0.7507  confusion_matrix/result: 
tensor([[112,  36],
        [ 36, 105]])
  data_time: 0.0171  time: 0.9489
12/29 21:04:24 - mmengine - INFO - Epoch(train)  [16][100/145]  base_lr: 9.0238e-06 lr: 2.8199e-07  eta: 17:03:47  time: 3.1698  data_time: 0.0123  memory: 65637  grad_norm: 410.4010  loss: 0.5135  top1_acc: 0.7500  top5_acc: 1.0000  loss_cls: 0.5135
12/29 21:06:44 - mmengine - INFO - Exp name: UNI_50_RFDS_20241229_185513
12/29 21:06:44 - mmengine - INFO - Epoch(train)  [16][145/145]  base_lr: 8.9686e-06 lr: 2.8027e-07  eta: 17:01:08  time: 3.0283  data_time: 0.0123  memory: 65637  grad_norm: 309.8567  loss: 0.5073  top1_acc: 1.0000  top5_acc: 1.0000  loss_cls: 0.5073
12/29 21:07:20 - mmengine - INFO - Epoch(val) [16][37/37]    acc/top1: 0.7820  acc/top5: 1.0000  acc/mean1: 0.7830  confusion_matrix/result: 
tensor([[110,  38],
        [ 25, 116]])
  data_time: 0.0170  time: 0.9484
12/29 21:07:20 - mmengine - INFO - The previous best checkpoint /mimer/NOBACKUP/groups/ulio_inverse/human-fall-detection/michail/experiments/mmaction2/work_dirs/UNI_50_RFDS/best_acc_top1_epoch_13.pth is removed
12/29 21:07:20 - mmengine - INFO - The best checkpoint with 0.7820 acc/top1 at 16 epoch is saved to best_acc_top1_epoch_16.pth.
12/29 21:12:39 - mmengine - INFO - Epoch(train)  [17][100/145]  base_lr: 8.8411e-06 lr: 2.7628e-07  eta: 16:56:06  time: 3.1683  data_time: 0.0121  memory: 65637  grad_norm: 403.0167  loss: 0.4876  top1_acc: 0.7500  top5_acc: 1.0000  loss_cls: 0.4876
12/29 21:14:59 - mmengine - INFO - Exp name: UNI_50_RFDS_20241229_185513
12/29 21:14:59 - mmengine - INFO - Epoch(train)  [17][145/145]  base_lr: 8.7817e-06 lr: 2.7443e-07  eta: 16:53:28  time: 3.0265  data_time: 0.0120  memory: 65637  grad_norm: 380.1944  loss: 0.4659  top1_acc: 1.0000  top5_acc: 1.0000  loss_cls: 0.4659
12/29 21:15:35 - mmengine - INFO - Epoch(val) [17][37/37]    acc/top1: 0.7682  acc/top5: 1.0000  acc/mean1: 0.7703  confusion_matrix/result: 
tensor([[101,  47],
        [ 20, 121]])
  data_time: 0.0175  time: 0.9488
12/29 21:20:52 - mmengine - INFO - Epoch(train)  [18][100/145]  base_lr: 8.6452e-06 lr: 2.7016e-07  eta: 16:48:27  time: 3.1702  data_time: 0.0122  memory: 65637  grad_norm: 429.8228  loss: 0.5732  top1_acc: 0.5000  top5_acc: 1.0000  loss_cls: 0.5732
12/29 21:23:12 - mmengine - INFO - Exp name: UNI_50_RFDS_20241229_185513
12/29 21:23:12 - mmengine - INFO - Epoch(train)  [18][145/145]  base_lr: 8.5819e-06 lr: 2.6818e-07  eta: 16:45:49  time: 3.0275  data_time: 0.0120  memory: 65637  grad_norm: 476.4614  loss: 0.4189  top1_acc: 1.0000  top5_acc: 1.0000  loss_cls: 0.4189
12/29 21:23:12 - mmengine - INFO - Saving checkpoint at 18 epochs
12/29 21:23:50 - mmengine - INFO - Epoch(val) [18][37/37]    acc/top1: 0.8062  acc/top5: 1.0000  acc/mean1: 0.8076  confusion_matrix/result: 
tensor([[111,  37],
        [ 19, 122]])
  data_time: 0.0169  time: 0.9483
12/29 21:23:50 - mmengine - INFO - The previous best checkpoint /mimer/NOBACKUP/groups/ulio_inverse/human-fall-detection/michail/experiments/mmaction2/work_dirs/UNI_50_RFDS/best_acc_top1_epoch_16.pth is removed
12/29 21:23:50 - mmengine - INFO - The best checkpoint with 0.8062 acc/top1 at 18 epoch is saved to best_acc_top1_epoch_18.pth.
12/29 21:29:10 - mmengine - INFO - Epoch(train)  [19][100/145]  base_lr: 8.4369e-06 lr: 2.6365e-07  eta: 16:40:47  time: 3.1702  data_time: 0.0121  memory: 65637  grad_norm: 388.8308  loss: 0.5011  top1_acc: 0.7500  top5_acc: 1.0000  loss_cls: 0.5011
12/29 21:31:29 - mmengine - INFO - Exp name: UNI_50_RFDS_20241229_185513
12/29 21:31:29 - mmengine - INFO - Epoch(train)  [19][145/145]  base_lr: 8.3699e-06 lr: 2.6156e-07  eta: 16:38:11  time: 3.0291  data_time: 0.0121  memory: 65637  grad_norm: 528.5771  loss: 0.6407  top1_acc: 0.0000  top5_acc: 1.0000  loss_cls: 0.6407
12/29 21:32:05 - mmengine - INFO - Epoch(val) [19][37/37]    acc/top1: 0.7993  acc/top5: 1.0000  acc/mean1: 0.8005  confusion_matrix/result: 
tensor([[111,  37],
        [ 21, 120]])
  data_time: 0.0173  time: 0.9485
12/29 21:37:23 - mmengine - INFO - Epoch(train)  [20][100/145]  base_lr: 8.2171e-06 lr: 2.5678e-07  eta: 16:33:09  time: 3.1689  data_time: 0.0122  memory: 65637  grad_norm: 361.1305  loss: 0.4059  top1_acc: 0.8750  top5_acc: 1.0000  loss_cls: 0.4059
12/29 21:39:42 - mmengine - INFO - Exp name: UNI_50_RFDS_20241229_185513
12/29 21:39:42 - mmengine - INFO - Epoch(train)  [20][145/145]  base_lr: 8.1466e-06 lr: 2.5458e-07  eta: 16:30:33  time: 3.0276  data_time: 0.0119  memory: 65637  grad_norm: 553.3972  loss: 0.4451  top1_acc: 1.0000  top5_acc: 1.0000  loss_cls: 0.4451
12/29 21:40:18 - mmengine - INFO - Epoch(val) [20][37/37]    acc/top1: 0.7751  acc/top5: 1.0000  acc/mean1: 0.7784  confusion_matrix/result: 
tensor([[ 95,  53],
        [ 12, 129]])
  data_time: 0.0176  time: 0.9495
12/29 21:45:36 - mmengine - INFO - Exp name: UNI_50_RFDS_20241229_185513
12/29 21:45:36 - mmengine - INFO - Epoch(train)  [21][100/145]  base_lr: 7.9865e-06 lr: 2.4958e-07  eta: 16:25:30  time: 3.1696  data_time: 0.0119  memory: 65637  grad_norm: 428.8749  loss: 0.4512  top1_acc: 1.0000  top5_acc: 1.0000  loss_cls: 0.4512
12/29 21:47:55 - mmengine - INFO - Exp name: UNI_50_RFDS_20241229_185513
12/29 21:47:55 - mmengine - INFO - Epoch(train)  [21][145/145]  base_lr: 7.9129e-06 lr: 2.4728e-07  eta: 16:22:55  time: 3.0290  data_time: 0.0123  memory: 65637  grad_norm: 495.3406  loss: 0.5424  top1_acc: 0.0000  top5_acc: 1.0000  loss_cls: 0.5424
12/29 21:47:55 - mmengine - INFO - Saving checkpoint at 21 epochs
12/29 21:48:33 - mmengine - INFO - Epoch(val) [21][37/37]    acc/top1: 0.7958  acc/top5: 1.0000  acc/mean1: 0.7951  confusion_matrix/result: 
tensor([[122,  26],
        [ 33, 108]])
  data_time: 0.0169  time: 0.9485
12/29 21:53:51 - mmengine - INFO - Epoch(train)  [22][100/145]  base_lr: 7.7461e-06 lr: 2.4206e-07  eta: 16:17:52  time: 3.1702  data_time: 0.0122  memory: 65637  grad_norm: 432.4035  loss: 0.5642  top1_acc: 0.6250  top5_acc: 1.0000  loss_cls: 0.5642
12/29 21:56:10 - mmengine - INFO - Exp name: UNI_50_RFDS_20241229_185513
12/29 21:56:10 - mmengine - INFO - Epoch(train)  [22][145/145]  base_lr: 7.6696e-06 lr: 2.3968e-07  eta: 16:15:18  time: 3.0282  data_time: 0.0120  memory: 65637  grad_norm: 483.0960  loss: 0.5464  top1_acc: 0.0000  top5_acc: 1.0000  loss_cls: 0.5464
12/29 21:56:46 - mmengine - INFO - Epoch(val) [22][37/37]    acc/top1: 0.8097  acc/top5: 1.0000  acc/mean1: 0.8110  confusion_matrix/result: 
tensor([[112,  36],
        [ 19, 122]])
  data_time: 0.0170  time: 0.9483
12/29 21:56:46 - mmengine - INFO - The previous best checkpoint /mimer/NOBACKUP/groups/ulio_inverse/human-fall-detection/michail/experiments/mmaction2/work_dirs/UNI_50_RFDS/best_acc_top1_epoch_18.pth is removed
12/29 21:56:47 - mmengine - INFO - The best checkpoint with 0.8097 acc/top1 at 22 epoch is saved to best_acc_top1_epoch_22.pth.
12/29 22:02:06 - mmengine - INFO - Epoch(train)  [23][100/145]  base_lr: 7.4968e-06 lr: 2.3427e-07  eta: 16:10:14  time: 3.1701  data_time: 0.0121  memory: 65637  grad_norm: 416.7074  loss: 0.4454  top1_acc: 1.0000  top5_acc: 1.0000  loss_cls: 0.4454
12/29 22:04:26 - mmengine - INFO - Exp name: UNI_50_RFDS_20241229_185513
12/29 22:04:26 - mmengine - INFO - Epoch(train)  [23][145/145]  base_lr: 7.4178e-06 lr: 2.3181e-07  eta: 16:07:40  time: 3.0279  data_time: 0.0122  memory: 65637  grad_norm: 386.0642  loss: 0.5064  top1_acc: 1.0000  top5_acc: 1.0000  loss_cls: 0.5064
12/29 22:05:02 - mmengine - INFO - Epoch(val) [23][37/37]    acc/top1: 0.8097  acc/top5: 1.0000  acc/mean1: 0.8110  confusion_matrix/result: 
tensor([[112,  36],
        [ 19, 122]])
  data_time: 0.0176  time: 0.9489
12/29 22:10:19 - mmengine - INFO - Epoch(train)  [24][100/145]  base_lr: 7.2396e-06 lr: 2.2624e-07  eta: 16:02:35  time: 3.1692  data_time: 0.0123  memory: 65637  grad_norm: 408.2772  loss: 0.4849  top1_acc: 0.8750  top5_acc: 1.0000  loss_cls: 0.4849
12/29 22:12:39 - mmengine - INFO - Exp name: UNI_50_RFDS_20241229_185513
12/29 22:12:39 - mmengine - INFO - Epoch(train)  [24][145/145]  base_lr: 7.1584e-06 lr: 2.2370e-07  eta: 16:00:02  time: 3.0266  data_time: 0.0121  memory: 65637  grad_norm: 403.8225  loss: 0.4446  top1_acc: 1.0000  top5_acc: 1.0000  loss_cls: 0.4446
12/29 22:12:39 - mmengine - INFO - Saving checkpoint at 24 epochs
12/29 22:13:17 - mmengine - INFO - Epoch(val) [24][37/37]    acc/top1: 0.8374  acc/top5: 1.0000  acc/mean1: 0.8385  confusion_matrix/result: 
tensor([[117,  31],
        [ 16, 125]])
  data_time: 0.0168  time: 0.9491
12/29 22:13:17 - mmengine - INFO - The previous best checkpoint /mimer/NOBACKUP/groups/ulio_inverse/human-fall-detection/michail/experiments/mmaction2/work_dirs/UNI_50_RFDS/best_acc_top1_epoch_22.pth is removed
12/29 22:13:17 - mmengine - INFO - The best checkpoint with 0.8374 acc/top1 at 24 epoch is saved to best_acc_top1_epoch_24.pth.
12/29 22:18:37 - mmengine - INFO - Epoch(train)  [25][100/145]  base_lr: 6.9756e-06 lr: 2.1799e-07  eta: 15:54:56  time: 3.1682  data_time: 0.0121  memory: 65637  grad_norm: 484.8350  loss: 0.4146  top1_acc: 0.8750  top5_acc: 1.0000  loss_cls: 0.4146
12/29 22:20:57 - mmengine - INFO - Exp name: UNI_50_RFDS_20241229_185513
12/29 22:20:57 - mmengine - INFO - Epoch(train)  [25][145/145]  base_lr: 6.8924e-06 lr: 2.1539e-07  eta: 15:52:24  time: 3.0278  data_time: 0.0123  memory: 65637  grad_norm: 570.3411  loss: 0.4340  top1_acc: 1.0000  top5_acc: 1.0000  loss_cls: 0.4340
12/29 22:21:33 - mmengine - INFO - Epoch(val) [25][37/37]    acc/top1: 0.8339  acc/top5: 1.0000  acc/mean1: 0.8358  confusion_matrix/result: 
tensor([[112,  36],
        [ 12, 129]])
  data_time: 0.0170  time: 0.9478
12/29 22:26:50 - mmengine - INFO - Epoch(train)  [26][100/145]  base_lr: 6.7058e-06 lr: 2.0955e-07  eta: 15:47:18  time: 3.1698  data_time: 0.0124  memory: 65637  grad_norm: 593.6206  loss: 0.5159  top1_acc: 1.0000  top5_acc: 1.0000  loss_cls: 0.5159
12/29 22:29:10 - mmengine - INFO - Exp name: UNI_50_RFDS_20241229_185513
12/29 22:29:10 - mmengine - INFO - Epoch(train)  [26][145/145]  base_lr: 6.6210e-06 lr: 2.0691e-07  eta: 15:44:46  time: 3.0291  data_time: 0.0123  memory: 65637  grad_norm: 481.2516  loss: 0.3707  top1_acc: 1.0000  top5_acc: 1.0000  loss_cls: 0.3707
12/29 22:29:46 - mmengine - INFO - Epoch(val) [26][37/37]    acc/top1: 0.8235  acc/top5: 1.0000  acc/mean1: 0.8252  confusion_matrix/result: 
tensor([[112,  36],
        [ 15, 126]])
  data_time: 0.0172  time: 0.9486
12/29 22:35:03 - mmengine - INFO - Epoch(train)  [27][100/145]  base_lr: 6.4312e-06 lr: 2.0097e-07  eta: 15:39:40  time: 3.1682  data_time: 0.0122  memory: 65637  grad_norm: 510.2244  loss: 0.3880  top1_acc: 0.8750  top5_acc: 1.0000  loss_cls: 0.3880
12/29 22:37:22 - mmengine - INFO - Exp name: UNI_50_RFDS_20241229_185513
12/29 22:37:22 - mmengine - INFO - Epoch(train)  [27][145/145]  base_lr: 6.3451e-06 lr: 1.9829e-07  eta: 15:37:08  time: 3.0260  data_time: 0.0122  memory: 65637  grad_norm: 615.3865  loss: 0.4135  top1_acc: 1.0000  top5_acc: 1.0000  loss_cls: 0.4135
12/29 22:37:22 - mmengine - INFO - Saving checkpoint at 27 epochs
12/29 22:38:00 - mmengine - INFO - Epoch(val) [27][37/37]    acc/top1: 0.8408  acc/top5: 1.0000  acc/mean1: 0.8433  confusion_matrix/result: 
tensor([[110,  38],
        [  8, 133]])
  data_time: 0.0170  time: 0.9490
12/29 22:38:00 - mmengine - INFO - The previous best checkpoint /mimer/NOBACKUP/groups/ulio_inverse/human-fall-detection/michail/experiments/mmaction2/work_dirs/UNI_50_RFDS/best_acc_top1_epoch_24.pth is removed
12/29 22:38:01 - mmengine - INFO - The best checkpoint with 0.8408 acc/top1 at 27 epoch is saved to best_acc_top1_epoch_27.pth.
12/29 22:42:33 - mmengine - INFO - Exp name: UNI_50_RFDS_20241229_185513
12/29 22:43:20 - mmengine - INFO - Epoch(train)  [28][100/145]  base_lr: 6.1529e-06 lr: 1.9228e-07  eta: 15:32:01  time: 3.1680  data_time: 0.0119  memory: 65637  grad_norm: 510.7100  loss: 0.4078  top1_acc: 0.7500  top5_acc: 1.0000  loss_cls: 0.4078
12/29 22:45:40 - mmengine - INFO - Exp name: UNI_50_RFDS_20241229_185513
12/29 22:45:40 - mmengine - INFO - Epoch(train)  [28][145/145]  base_lr: 6.0659e-06 lr: 1.8956e-07  eta: 15:29:30  time: 3.0263  data_time: 0.0120  memory: 65637  grad_norm: 717.7385  loss: 0.4935  top1_acc: 1.0000  top5_acc: 1.0000  loss_cls: 0.4935
12/29 22:46:16 - mmengine - INFO - Epoch(val) [28][37/37]    acc/top1: 0.8408  acc/top5: 1.0000  acc/mean1: 0.8422  confusion_matrix/result: 
tensor([[116,  32],
        [ 14, 127]])
  data_time: 0.0172  time: 0.9489
12/29 22:51:33 - mmengine - INFO - Epoch(train)  [29][100/145]  base_lr: 5.8720e-06 lr: 1.8350e-07  eta: 15:24:23  time: 3.1703  data_time: 0.0123  memory: 65637  grad_norm: 757.3772  loss: 0.4967  top1_acc: 1.0000  top5_acc: 1.0000  loss_cls: 0.4967
12/29 22:53:53 - mmengine - INFO - Exp name: UNI_50_RFDS_20241229_185513
12/29 22:53:53 - mmengine - INFO - Epoch(train)  [29][145/145]  base_lr: 5.7845e-06 lr: 1.8077e-07  eta: 15:21:53  time: 3.0288  data_time: 0.0121  memory: 65637  grad_norm: 723.9817  loss: 0.4280  top1_acc: 0.0000  top5_acc: 1.0000  loss_cls: 0.4280
12/29 22:54:29 - mmengine - INFO - Epoch(val) [29][37/37]    acc/top1: 0.8512  acc/top5: 1.0000  acc/mean1: 0.8515  confusion_matrix/result: 
tensor([[124,  24],
        [ 19, 122]])
  data_time: 0.0173  time: 0.9492
12/29 22:54:29 - mmengine - INFO - The previous best checkpoint /mimer/NOBACKUP/groups/ulio_inverse/human-fall-detection/michail/experiments/mmaction2/work_dirs/UNI_50_RFDS/best_acc_top1_epoch_27.pth is removed
12/29 22:54:29 - mmengine - INFO - The best checkpoint with 0.8512 acc/top1 at 29 epoch is saved to best_acc_top1_epoch_29.pth.
12/29 22:59:49 - mmengine - INFO - Epoch(train)  [30][100/145]  base_lr: 5.5897e-06 lr: 1.7468e-07  eta: 15:16:46  time: 3.1686  data_time: 0.0119  memory: 65637  grad_norm: 432.2177  loss: 0.3521  top1_acc: 0.7500  top5_acc: 1.0000  loss_cls: 0.3521
12/29 23:02:09 - mmengine - INFO - Exp name: UNI_50_RFDS_20241229_185513
12/29 23:02:09 - mmengine - INFO - Epoch(train)  [30][145/145]  base_lr: 5.5019e-06 lr: 1.7194e-07  eta: 15:14:16  time: 3.0281  data_time: 0.0119  memory: 65637  grad_norm: 502.0358  loss: 0.3881  top1_acc: 1.0000  top5_acc: 1.0000  loss_cls: 0.3881
12/29 23:02:09 - mmengine - INFO - Saving checkpoint at 30 epochs
12/29 23:02:46 - mmengine - INFO - Epoch(val) [30][37/37]    acc/top1: 0.8062  acc/top5: 1.0000  acc/mean1: 0.8048  confusion_matrix/result: 
tensor([[128,  20],
        [ 36, 105]])
  data_time: 0.0170  time: 0.9489
12/29 23:08:04 - mmengine - INFO - Epoch(train)  [31][100/145]  base_lr: 5.3070e-06 lr: 1.6584e-07  eta: 15:09:08  time: 3.1710  data_time: 0.0124  memory: 65637  grad_norm: 580.0166  loss: 0.3991  top1_acc: 0.8750  top5_acc: 1.0000  loss_cls: 0.3991
12/29 23:10:23 - mmengine - INFO - Exp name: UNI_50_RFDS_20241229_185513
12/29 23:10:23 - mmengine - INFO - Epoch(train)  [31][145/145]  base_lr: 5.2194e-06 lr: 1.6311e-07  eta: 15:06:38  time: 3.0288  data_time: 0.0122  memory: 65637  grad_norm: 750.8473  loss: 0.3797  top1_acc: 1.0000  top5_acc: 1.0000  loss_cls: 0.3797
12/29 23:10:59 - mmengine - INFO - Epoch(val) [31][37/37]    acc/top1: 0.8270  acc/top5: 1.0000  acc/mean1: 0.8304  confusion_matrix/result: 
tensor([[102,  46],
        [  4, 137]])
  data_time: 0.0172  time: 0.9488
12/29 23:16:17 - mmengine - INFO - Epoch(train)  [32][100/145]  base_lr: 5.0251e-06 lr: 1.5703e-07  eta: 15:01:30  time: 3.1675  data_time: 0.0123  memory: 65637  grad_norm: 601.7094  loss: 0.4147  top1_acc: 0.8750  top5_acc: 1.0000  loss_cls: 0.4147
12/29 23:18:36 - mmengine - INFO - Exp name: UNI_50_RFDS_20241229_185513
12/29 23:18:36 - mmengine - INFO - Epoch(train)  [32][145/145]  base_lr: 4.9379e-06 lr: 1.5431e-07  eta: 14:59:00  time: 3.0270  data_time: 0.0123  memory: 65637  grad_norm: 590.5414  loss: 0.3793  top1_acc: 1.0000  top5_acc: 1.0000  loss_cls: 0.3793
12/29 23:19:12 - mmengine - INFO - Epoch(val) [32][37/37]    acc/top1: 0.8478  acc/top5: 1.0000  acc/mean1: 0.8498  confusion_matrix/result: 
tensor([[113,  35],
        [  9, 132]])
  data_time: 0.0175  time: 0.9495
12/29 23:24:29 - mmengine - INFO - Epoch(train)  [33][100/145]  base_lr: 4.7451e-06 lr: 1.4828e-07  eta: 14:53:52  time: 3.1691  data_time: 0.0123  memory: 65637  grad_norm: 428.1601  loss: 0.3296  top1_acc: 0.8750  top5_acc: 1.0000  loss_cls: 0.3296
12/29 23:26:49 - mmengine - INFO - Exp name: UNI_50_RFDS_20241229_185513
12/29 23:26:49 - mmengine - INFO - Epoch(train)  [33][145/145]  base_lr: 4.6587e-06 lr: 1.4558e-07  eta: 14:51:23  time: 3.0287  data_time: 0.0122  memory: 65637  grad_norm: 779.7854  loss: 0.3025  top1_acc: 1.0000  top5_acc: 1.0000  loss_cls: 0.3025
12/29 23:26:49 - mmengine - INFO - Saving checkpoint at 33 epochs
12/29 23:27:27 - mmengine - INFO - Epoch(val) [33][37/37]    acc/top1: 0.8443  acc/top5: 1.0000  acc/mean1: 0.8455  confusion_matrix/result: 
tensor([[118,  30],
        [ 15, 126]])
  data_time: 0.0168  time: 0.9483
12/29 23:32:44 - mmengine - INFO - Epoch(train)  [34][100/145]  base_lr: 4.4680e-06 lr: 1.3962e-07  eta: 14:46:15  time: 3.1692  data_time: 0.0123  memory: 65637  grad_norm: 638.6361  loss: 0.4444  top1_acc: 0.7500  top5_acc: 1.0000  loss_cls: 0.4444
12/29 23:35:04 - mmengine - INFO - Exp name: UNI_50_RFDS_20241229_185513
12/29 23:35:04 - mmengine - INFO - Epoch(train)  [34][145/145]  base_lr: 4.3828e-06 lr: 1.3696e-07  eta: 14:43:46  time: 3.0289  data_time: 0.0125  memory: 65637  grad_norm: 742.4686  loss: 0.4060  top1_acc: 1.0000  top5_acc: 1.0000  loss_cls: 0.4060
12/29 23:35:40 - mmengine - INFO - Epoch(val) [34][37/37]    acc/top1: 0.8478  acc/top5: 1.0000  acc/mean1: 0.8507  confusion_matrix/result: 
tensor([[108,  40],
        [  4, 137]])
  data_time: 0.0176  time: 0.9492
12/29 23:39:22 - mmengine - INFO - Exp name: UNI_50_RFDS_20241229_185513
12/29 23:40:57 - mmengine - INFO - Epoch(train)  [35][100/145]  base_lr: 4.1950e-06 lr: 1.3109e-07  eta: 14:38:37  time: 3.1698  data_time: 0.0124  memory: 65637  grad_norm: 618.1638  loss: 0.3623  top1_acc: 0.7500  top5_acc: 1.0000  loss_cls: 0.3623
12/29 23:43:17 - mmengine - INFO - Exp name: UNI_50_RFDS_20241229_185513
12/29 23:43:17 - mmengine - INFO - Epoch(train)  [35][145/145]  base_lr: 4.1113e-06 lr: 1.2848e-07  eta: 14:36:08  time: 3.0276  data_time: 0.0121  memory: 65637  grad_norm: 680.1719  loss: 0.4290  top1_acc: 1.0000  top5_acc: 1.0000  loss_cls: 0.4290
12/29 23:43:53 - mmengine - INFO - Epoch(val) [35][37/37]    acc/top1: 0.8547  acc/top5: 1.0000  acc/mean1: 0.8568  confusion_matrix/result: 
tensor([[114,  34],
        [  8, 133]])
  data_time: 0.0173  time: 0.9484
12/29 23:43:53 - mmengine - INFO - The previous best checkpoint /mimer/NOBACKUP/groups/ulio_inverse/human-fall-detection/michail/experiments/mmaction2/work_dirs/UNI_50_RFDS/best_acc_top1_epoch_29.pth is removed
12/29 23:43:54 - mmengine - INFO - The best checkpoint with 0.8547 acc/top1 at 35 epoch is saved to best_acc_top1_epoch_35.pth.
12/29 23:49:13 - mmengine - INFO - Epoch(train)  [36][100/145]  base_lr: 3.9272e-06 lr: 1.2272e-07  eta: 14:31:00  time: 3.1690  data_time: 0.0122  memory: 65637  grad_norm: 487.8350  loss: 0.4241  top1_acc: 1.0000  top5_acc: 1.0000  loss_cls: 0.4241
12/29 23:51:33 - mmengine - INFO - Exp name: UNI_50_RFDS_20241229_185513
12/29 23:51:33 - mmengine - INFO - Epoch(train)  [36][145/145]  base_lr: 3.8453e-06 lr: 1.2016e-07  eta: 14:28:31  time: 3.0279  data_time: 0.0121  memory: 65637  grad_norm: 575.5190  loss: 0.3986  top1_acc: 1.0000  top5_acc: 1.0000  loss_cls: 0.3986
12/29 23:51:33 - mmengine - INFO - Saving checkpoint at 36 epochs
12/29 23:52:11 - mmengine - INFO - Epoch(val) [36][37/37]    acc/top1: 0.8720  acc/top5: 1.0000  acc/mean1: 0.8733  confusion_matrix/result: 
tensor([[121,  27],
        [ 10, 131]])
  data_time: 0.0167  time: 0.9483
12/29 23:52:11 - mmengine - INFO - The previous best checkpoint /mimer/NOBACKUP/groups/ulio_inverse/human-fall-detection/michail/experiments/mmaction2/work_dirs/UNI_50_RFDS/best_acc_top1_epoch_35.pth is removed
12/29 23:52:11 - mmengine - INFO - The best checkpoint with 0.8720 acc/top1 at 36 epoch is saved to best_acc_top1_epoch_36.pth.
12/29 23:57:31 - mmengine - INFO - Epoch(train)  [37][100/145]  base_lr: 3.6655e-06 lr: 1.1455e-07  eta: 14:23:22  time: 3.1703  data_time: 0.0124  memory: 65637  grad_norm: 945.2876  loss: 0.4369  top1_acc: 1.0000  top5_acc: 1.0000  loss_cls: 0.4369
12/29 23:59:50 - mmengine - INFO - Exp name: UNI_50_RFDS_20241229_185513
12/29 23:59:50 - mmengine - INFO - Epoch(train)  [37][145/145]  base_lr: 3.5858e-06 lr: 1.1205e-07  eta: 14:20:54  time: 3.0286  data_time: 0.0122  memory: 65637  grad_norm: 715.4389  loss: 0.3449  top1_acc: 1.0000  top5_acc: 1.0000  loss_cls: 0.3449
12/30 00:00:26 - mmengine - INFO - Epoch(val) [37][37/37]    acc/top1: 0.8581  acc/top5: 1.0000  acc/mean1: 0.8606  confusion_matrix/result: 
tensor([[112,  36],
        [  5, 136]])
  data_time: 0.0169  time: 0.9483
12/30 00:05:44 - mmengine - INFO - Epoch(train)  [38][100/145]  base_lr: 3.4111e-06 lr: 1.0660e-07  eta: 14:15:45  time: 3.1706  data_time: 0.0124  memory: 65637  grad_norm: 690.9098  loss: 0.4443  top1_acc: 0.7500  top5_acc: 1.0000  loss_cls: 0.4443
12/30 00:08:03 - mmengine - INFO - Exp name: UNI_50_RFDS_20241229_185513
12/30 00:08:03 - mmengine - INFO - Epoch(train)  [38][145/145]  base_lr: 3.3338e-06 lr: 1.0418e-07  eta: 14:13:17  time: 3.0284  data_time: 0.0121  memory: 65637  grad_norm: 681.1844  loss: 0.3990  top1_acc: 1.0000  top5_acc: 1.0000  loss_cls: 0.3990
12/30 00:08:39 - mmengine - INFO - Epoch(val) [38][37/37]    acc/top1: 0.8547  acc/top5: 1.0000  acc/mean1: 0.8573  confusion_matrix/result: 
tensor([[111,  37],
        [  5, 136]])
  data_time: 0.0174  time: 0.9488
12/30 00:13:57 - mmengine - INFO - Epoch(train)  [39][100/145]  base_lr: 3.1650e-06 lr: 9.8906e-08  eta: 14:08:08  time: 3.1687  data_time: 0.0121  memory: 65637  grad_norm: 816.7838  loss: 0.4216  top1_acc: 1.0000  top5_acc: 1.0000  loss_cls: 0.4216
12/30 00:16:17 - mmengine - INFO - Exp name: UNI_50_RFDS_20241229_185513
12/30 00:16:17 - mmengine - INFO - Epoch(train)  [39][145/145]  base_lr: 3.0904e-06 lr: 9.6576e-08  eta: 14:05:40  time: 3.0290  data_time: 0.0123  memory: 65637  grad_norm: 661.5996  loss: 0.3017  top1_acc: 1.0000  top5_acc: 1.0000  loss_cls: 0.3017
12/30 00:16:17 - mmengine - INFO - Saving checkpoint at 39 epochs
12/30 00:16:54 - mmengine - INFO - Epoch(val) [39][37/37]    acc/top1: 0.8685  acc/top5: 1.0000  acc/mean1: 0.8689  confusion_matrix/result: 
tensor([[126,  22],
        [ 16, 125]])
  data_time: 0.0170  time: 0.9490
12/30 00:22:12 - mmengine - INFO - Epoch(train)  [40][100/145]  base_lr: 2.9281e-06 lr: 9.1502e-08  eta: 14:00:30  time: 3.1693  data_time: 0.0123  memory: 65637  grad_norm: 523.2970  loss: 0.2650  top1_acc: 0.8750  top5_acc: 1.0000  loss_cls: 0.2650
12/30 00:24:31 - mmengine - INFO - Exp name: UNI_50_RFDS_20241229_185513
12/30 00:24:31 - mmengine - INFO - Epoch(train)  [40][145/145]  base_lr: 2.8565e-06 lr: 8.9267e-08  eta: 13:58:02  time: 3.0272  data_time: 0.0122  memory: 65637  grad_norm: 664.2603  loss: 0.3970  top1_acc: 1.0000  top5_acc: 1.0000  loss_cls: 0.3970
12/30 00:25:07 - mmengine - INFO - Epoch(val) [40][37/37]    acc/top1: 0.8443  acc/top5: 1.0000  acc/mean1: 0.8471  confusion_matrix/result: 
tensor([[108,  40],
        [  5, 136]])
  data_time: 0.0176  time: 0.9490
12/30 00:30:25 - mmengine - INFO - Epoch(train)  [41][100/145]  base_lr: 2.7013e-06 lr: 8.4415e-08  eta: 13:52:52  time: 3.1696  data_time: 0.0120  memory: 65637  grad_norm: 671.7626  loss: 0.4306  top1_acc: 1.0000  top5_acc: 1.0000  loss_cls: 0.4306
12/30 00:32:44 - mmengine - INFO - Exp name: UNI_50_RFDS_20241229_185513
12/30 00:32:44 - mmengine - INFO - Epoch(train)  [41][145/145]  base_lr: 2.6331e-06 lr: 8.2284e-08  eta: 13:50:25  time: 3.0290  data_time: 0.0124  memory: 65637  grad_norm: 539.0093  loss: 0.3835  top1_acc: 1.0000  top5_acc: 1.0000  loss_cls: 0.3835
12/30 00:33:20 - mmengine - INFO - Epoch(val) [41][37/37]    acc/top1: 0.8651  acc/top5: 1.0000  acc/mean1: 0.8669  confusion_matrix/result: 
tensor([[117,  31],
        [  8, 133]])
  data_time: 0.0171  time: 0.9486
12/30 00:36:15 - mmengine - INFO - Exp name: UNI_50_RFDS_20241229_185513
12/30 00:38:38 - mmengine - INFO - Epoch(train)  [42][100/145]  base_lr: 2.4855e-06 lr: 7.7673e-08  eta: 13:45:15  time: 3.1705  data_time: 0.0124  memory: 65637  grad_norm: 590.2465  loss: 0.3564  top1_acc: 0.7500  top5_acc: 1.0000  loss_cls: 0.3564
12/30 00:40:58 - mmengine - INFO - Exp name: UNI_50_RFDS_20241229_185513
12/30 00:40:58 - mmengine - INFO - Epoch(train)  [42][145/145]  base_lr: 2.4210e-06 lr: 7.5655e-08  eta: 13:42:48  time: 3.0285  data_time: 0.0123  memory: 65637  grad_norm: 700.3405  loss: 0.3487  top1_acc: 1.0000  top5_acc: 1.0000  loss_cls: 0.3487
12/30 00:40:58 - mmengine - INFO - Saving checkpoint at 42 epochs
12/30 00:41:35 - mmengine - INFO - Epoch(val) [42][37/37]    acc/top1: 0.8685  acc/top5: 1.0000  acc/mean1: 0.8698  confusion_matrix/result: 
tensor([[121,  27],
        [ 11, 130]])
  data_time: 0.0168  time: 0.9481
12/30 00:46:53 - mmengine - INFO - Epoch(train)  [43][100/145]  base_lr: 2.2817e-06 lr: 7.1303e-08  eta: 13:37:38  time: 3.1695  data_time: 0.0122  memory: 65637  grad_norm: 466.0916  loss: 0.3297  top1_acc: 0.8750  top5_acc: 1.0000  loss_cls: 0.3297
12/30 00:49:12 - mmengine - INFO - Exp name: UNI_50_RFDS_20241229_185513
12/30 00:49:12 - mmengine - INFO - Epoch(train)  [43][145/145]  base_lr: 2.2210e-06 lr: 6.9406e-08  eta: 13:35:11  time: 3.0294  data_time: 0.0126  memory: 65637  grad_norm: 656.5742  loss: 0.3923  top1_acc: 1.0000  top5_acc: 1.0000  loss_cls: 0.3923
12/30 00:49:48 - mmengine - INFO - Epoch(val) [43][37/37]    acc/top1: 0.8720  acc/top5: 1.0000  acc/mean1: 0.8727  confusion_matrix/result: 
tensor([[125,  23],
        [ 14, 127]])
  data_time: 0.0174  time: 0.9491
12/30 00:55:06 - mmengine - INFO - Epoch(train)  [44][100/145]  base_lr: 2.0906e-06 lr: 6.5330e-08  eta: 13:30:01  time: 3.1701  data_time: 0.0123  memory: 65637  grad_norm: 959.2885  loss: 0.3638  top1_acc: 0.7500  top5_acc: 1.0000  loss_cls: 0.3638
12/30 00:57:26 - mmengine - INFO - Exp name: UNI_50_RFDS_20241229_185513
12/30 00:57:26 - mmengine - INFO - Epoch(train)  [44][145/145]  base_lr: 2.0339e-06 lr: 6.3560e-08  eta: 13:27:34  time: 3.0287  data_time: 0.0121  memory: 65637  grad_norm: 774.4290  loss: 0.3310  top1_acc: 1.0000  top5_acc: 1.0000  loss_cls: 0.3310
12/30 00:58:02 - mmengine - INFO - Epoch(val) [44][37/37]    acc/top1: 0.8789  acc/top5: 1.0000  acc/mean1: 0.8797  confusion_matrix/result: 
tensor([[125,  23],
        [ 12, 129]])
  data_time: 0.0173  time: 0.9500
12/30 00:58:02 - mmengine - INFO - The previous best checkpoint /mimer/NOBACKUP/groups/ulio_inverse/human-fall-detection/michail/experiments/mmaction2/work_dirs/UNI_50_RFDS/best_acc_top1_epoch_36.pth is removed
12/30 00:58:02 - mmengine - INFO - The best checkpoint with 0.8789 acc/top1 at 44 epoch is saved to best_acc_top1_epoch_44.pth.
12/30 01:03:21 - mmengine - INFO - Epoch(train)  [45][100/145]  base_lr: 1.9129e-06 lr: 5.9777e-08  eta: 13:22:24  time: 3.1703  data_time: 0.0125  memory: 65637  grad_norm: 742.0138  loss: 0.3303  top1_acc: 0.8750  top5_acc: 1.0000  loss_cls: 0.3303
12/30 01:05:41 - mmengine - INFO - Exp name: UNI_50_RFDS_20241229_185513
12/30 01:05:41 - mmengine - INFO - Epoch(train)  [45][145/145]  base_lr: 1.8606e-06 lr: 5.8143e-08  eta: 13:19:57  time: 3.0284  data_time: 0.0123  memory: 65637  grad_norm: 784.2490  loss: 0.3702  top1_acc: 1.0000  top5_acc: 1.0000  loss_cls: 0.3702
12/30 01:05:41 - mmengine - INFO - Saving checkpoint at 45 epochs
12/30 01:06:19 - mmengine - INFO - Epoch(val) [45][37/37]    acc/top1: 0.8685  acc/top5: 1.0000  acc/mean1: 0.8698  confusion_matrix/result: 
tensor([[121,  27],
        [ 11, 130]])
  data_time: 0.0172  time: 0.9486
12/30 01:11:36 - mmengine - INFO - Epoch(train)  [46][100/145]  base_lr: 1.7493e-06 lr: 5.4667e-08  eta: 13:14:47  time: 3.1707  data_time: 0.0122  memory: 65637  grad_norm: 804.6394  loss: 0.4010  top1_acc: 1.0000  top5_acc: 1.0000  loss_cls: 0.4010
12/30 01:13:56 - mmengine - INFO - Exp name: UNI_50_RFDS_20241229_185513
12/30 01:13:56 - mmengine - INFO - Epoch(train)  [46][145/145]  base_lr: 1.7016e-06 lr: 5.3174e-08  eta: 13:12:20  time: 3.0264  data_time: 0.0118  memory: 65637  grad_norm: 563.1824  loss: 0.3713  top1_acc: 1.0000  top5_acc: 1.0000  loss_cls: 0.3713
12/30 01:14:32 - mmengine - INFO - Epoch(val) [46][37/37]    acc/top1: 0.8789  acc/top5: 1.0000  acc/mean1: 0.8794  confusion_matrix/result: 
tensor([[127,  21],
        [ 14, 127]])
  data_time: 0.0177  time: 0.9496
12/30 01:19:49 - mmengine - INFO - Epoch(train)  [47][100/145]  base_lr: 1.6006e-06 lr: 5.0019e-08  eta: 13:07:09  time: 3.1697  data_time: 0.0121  memory: 65637  grad_norm: 571.0250  loss: 0.3077  top1_acc: 1.0000  top5_acc: 1.0000  loss_cls: 0.3077
12/30 01:22:09 - mmengine - INFO - Exp name: UNI_50_RFDS_20241229_185513
12/30 01:22:09 - mmengine - INFO - Epoch(train)  [47][145/145]  base_lr: 1.5576e-06 lr: 4.8674e-08  eta: 13:04:43  time: 3.0286  data_time: 0.0120  memory: 65637  grad_norm: 809.9083  loss: 0.3269  top1_acc: 1.0000  top5_acc: 1.0000  loss_cls: 0.3269
12/30 01:22:45 - mmengine - INFO - Epoch(val) [47][37/37]    acc/top1: 0.8651  acc/top5: 1.0000  acc/mean1: 0.8669  confusion_matrix/result: 
tensor([[117,  31],
        [  8, 133]])
  data_time: 0.0175  time: 0.9486
12/30 01:28:03 - mmengine - INFO - Epoch(train)  [48][100/145]  base_lr: 1.4673e-06 lr: 4.5852e-08  eta: 12:59:32  time: 3.1705  data_time: 0.0121  memory: 65637  grad_norm: 587.4150  loss: 0.4194  top1_acc: 0.7500  top5_acc: 1.0000  loss_cls: 0.4194
12/30 01:30:22 - mmengine - INFO - Exp name: UNI_50_RFDS_20241229_185513
12/30 01:30:22 - mmengine - INFO - Epoch(train)  [48][145/145]  base_lr: 1.4291e-06 lr: 4.4660e-08  eta: 12:57:06  time: 3.0291  data_time: 0.0121  memory: 65637  grad_norm: 808.0613  loss: 0.3421  top1_acc: 1.0000  top5_acc: 1.0000  loss_cls: 0.3421
12/30 01:30:22 - mmengine - INFO - Saving checkpoint at 48 epochs
12/30 01:31:00 - mmengine - INFO - Epoch(val) [48][37/37]    acc/top1: 0.8581  acc/top5: 1.0000  acc/mean1: 0.8600  confusion_matrix/result: 
tensor([[116,  32],
        [  9, 132]])
  data_time: 0.0172  time: 0.9492
12/30 01:33:07 - mmengine - INFO - Exp name: UNI_50_RFDS_20241229_185513
12/30 01:36:18 - mmengine - INFO - Epoch(train)  [49][100/145]  base_lr: 1.3499e-06 lr: 4.2183e-08  eta: 12:51:55  time: 3.1697  data_time: 0.0120  memory: 65637  grad_norm: 884.7014  loss: 0.3030  top1_acc: 0.6250  top5_acc: 1.0000  loss_cls: 0.3030
12/30 01:38:37 - mmengine - INFO - Exp name: UNI_50_RFDS_20241229_185513
12/30 01:38:37 - mmengine - INFO - Epoch(train)  [49][145/145]  base_lr: 1.3167e-06 lr: 4.1148e-08  eta: 12:49:29  time: 3.0282  data_time: 0.0118  memory: 65637  grad_norm: 815.5489  loss: 0.3166  top1_acc: 1.0000  top5_acc: 1.0000  loss_cls: 0.3166
12/30 01:39:13 - mmengine - INFO - Epoch(val) [49][37/37]    acc/top1: 0.8581  acc/top5: 1.0000  acc/mean1: 0.8598  confusion_matrix/result: 
tensor([[117,  31],
        [ 10, 131]])
  data_time: 0.0174  time: 0.9492
12/30 01:44:31 - mmengine - INFO - Epoch(train)  [50][100/145]  base_lr: 1.2488e-06 lr: 3.9025e-08  eta: 12:44:18  time: 3.1695  data_time: 0.0119  memory: 65637  grad_norm: 1179.3679  loss: 0.3350  top1_acc: 0.7500  top5_acc: 1.0000  loss_cls: 0.3350
12/30 01:46:50 - mmengine - INFO - Exp name: UNI_50_RFDS_20241229_185513
12/30 01:46:50 - mmengine - INFO - Epoch(train)  [50][145/145]  base_lr: 1.2208e-06 lr: 3.8152e-08  eta: 12:41:52  time: 3.0247  data_time: 0.0117  memory: 65637  grad_norm: 981.4454  loss: 0.3416  top1_acc: 1.0000  top5_acc: 1.0000  loss_cls: 0.3416
12/30 01:47:26 - mmengine - INFO - Epoch(val) [50][37/37]    acc/top1: 0.8789  acc/top5: 1.0000  acc/mean1: 0.8799  confusion_matrix/result: 
tensor([[124,  24],
        [ 11, 130]])
  data_time: 0.0174  time: 0.9492
12/30 01:52:44 - mmengine - INFO - Epoch(train)  [51][100/145]  base_lr: 1.1645e-06 lr: 3.6392e-08  eta: 12:36:40  time: 3.1699  data_time: 0.0119  memory: 65637  grad_norm: 1007.9383  loss: 0.3513  top1_acc: 1.0000  top5_acc: 1.0000  loss_cls: 0.3513
12/30 01:55:03 - mmengine - INFO - Exp name: UNI_50_RFDS_20241229_185513
12/30 01:55:03 - mmengine - INFO - Epoch(train)  [51][145/145]  base_lr: 1.1419e-06 lr: 3.5683e-08  eta: 12:34:15  time: 3.0283  data_time: 0.0119  memory: 65637  grad_norm: 1285.3534  loss: 0.4303  top1_acc: 0.0000  top5_acc: 1.0000  loss_cls: 0.4303
12/30 01:55:03 - mmengine - INFO - Saving checkpoint at 51 epochs
12/30 01:55:41 - mmengine - INFO - Epoch(val) [51][37/37]    acc/top1: 0.8720  acc/top5: 1.0000  acc/mean1: 0.8727  confusion_matrix/result: 
tensor([[125,  23],
        [ 14, 127]])
  data_time: 0.0208  time: 0.9531
12/30 02:00:59 - mmengine - INFO - Epoch(train)  [52][100/145]  base_lr: 1.0974e-06 lr: 3.4294e-08  eta: 12:29:03  time: 3.1695  data_time: 0.0120  memory: 65637  grad_norm: 802.8615  loss: 0.2515  top1_acc: 1.0000  top5_acc: 1.0000  loss_cls: 0.2515
12/30 02:03:19 - mmengine - INFO - Exp name: UNI_50_RFDS_20241229_185513
12/30 02:03:19 - mmengine - INFO - Epoch(train)  [52][145/145]  base_lr: 1.0801e-06 lr: 3.3752e-08  eta: 12:26:38  time: 3.0280  data_time: 0.0119  memory: 65637  grad_norm: 928.2500  loss: 0.6395  top1_acc: 0.0000  top5_acc: 1.0000  loss_cls: 0.6395
12/30 02:03:54 - mmengine - INFO - Epoch(val) [52][37/37]    acc/top1: 0.8789  acc/top5: 1.0000  acc/mean1: 0.8802  confusion_matrix/result: 
tensor([[122,  26],
        [  9, 132]])
  data_time: 0.0176  time: 0.9492
12/30 02:09:12 - mmengine - INFO - Epoch(train)  [53][100/145]  base_lr: 1.0476e-06 lr: 3.2738e-08  eta: 12:21:26  time: 3.1679  data_time: 0.0120  memory: 65637  grad_norm: 1026.4075  loss: 0.4159  top1_acc: 0.7500  top5_acc: 1.0000  loss_cls: 0.4159
12/30 02:11:31 - mmengine - INFO - Exp name: UNI_50_RFDS_20241229_185513
12/30 02:11:31 - mmengine - INFO - Epoch(train)  [53][145/145]  base_lr: 1.0357e-06 lr: 3.2367e-08  eta: 12:19:00  time: 3.0286  data_time: 0.0119  memory: 65637  grad_norm: 747.7812  loss: 0.2674  top1_acc: 1.0000  top5_acc: 1.0000  loss_cls: 0.2674
12/30 02:12:07 - mmengine - INFO - Epoch(val) [53][37/37]    acc/top1: 0.8789  acc/top5: 1.0000  acc/mean1: 0.8797  confusion_matrix/result: 
tensor([[125,  23],
        [ 12, 129]])
  data_time: 0.0179  time: 0.9498
12/30 02:17:25 - mmengine - INFO - Epoch(train)  [54][100/145]  base_lr: 1.0154e-06 lr: 3.1731e-08  eta: 12:13:49  time: 3.1696  data_time: 0.0120  memory: 65637  grad_norm: 721.8445  loss: 0.4614  top1_acc: 1.0000  top5_acc: 1.0000  loss_cls: 0.4614
12/30 02:19:45 - mmengine - INFO - Exp name: UNI_50_RFDS_20241229_185513
12/30 02:19:45 - mmengine - INFO - Epoch(train)  [54][145/145]  base_lr: 1.0090e-06 lr: 3.1531e-08  eta: 12:11:23  time: 3.0281  data_time: 0.0117  memory: 65637  grad_norm: 767.8595  loss: 0.3368  top1_acc: 1.0000  top5_acc: 1.0000  loss_cls: 0.3368
12/30 02:19:45 - mmengine - INFO - Saving checkpoint at 54 epochs
12/30 02:20:22 - mmengine - INFO - Epoch(val) [54][37/37]    acc/top1: 0.8754  acc/top5: 1.0000  acc/mean1: 0.8762  confusion_matrix/result: 
tensor([[125,  23],
        [ 13, 128]])
  data_time: 0.0174  time: 0.9492
12/30 02:25:40 - mmengine - INFO - Epoch(train)  [55][100/145]  base_lr: 1.0009e-06 lr: 3.1278e-08  eta: 12:06:11  time: 3.1686  data_time: 0.0119  memory: 65637  grad_norm: 870.4023  loss: 0.3518  top1_acc: 0.6250  top5_acc: 1.0000  loss_cls: 0.3518
12/30 02:27:59 - mmengine - INFO - Exp name: UNI_50_RFDS_20241229_185513
12/30 02:27:59 - mmengine - INFO - Epoch(train)  [55][145/145]  base_lr: 1.0000e-06 lr: 3.1250e-08  eta: 12:03:46  time: 3.0274  data_time: 0.0118  memory: 65637  grad_norm: 1722.7610  loss: 0.4215  top1_acc: 0.0000  top5_acc: 1.0000  loss_cls: 0.4215
12/30 02:28:35 - mmengine - INFO - Epoch(val) [55][37/37]    acc/top1: 0.8720  acc/top5: 1.0000  acc/mean1: 0.8733  confusion_matrix/result: 
tensor([[121,  27],
        [ 10, 131]])
  data_time: 0.0175  time: 0.9493
12/30 02:29:55 - mmengine - INFO - Exp name: UNI_50_RFDS_20241229_185513
12/30 02:33:53 - mmengine - INFO - Epoch(train)  [56][100/145]  base_lr: 1.0000e-06 lr: 3.1250e-08  eta: 11:58:34  time: 3.1693  data_time: 0.0114  memory: 65637  grad_norm: 646.8721  loss: 0.2252  top1_acc: 0.8750  top5_acc: 1.0000  loss_cls: 0.2252
12/30 02:36:12 - mmengine - INFO - Exp name: UNI_50_RFDS_20241229_185513
12/30 02:36:12 - mmengine - INFO - Epoch(train)  [56][145/145]  base_lr: 1.0000e-06 lr: 3.1250e-08  eta: 11:56:08  time: 3.0277  data_time: 0.0113  memory: 65637  grad_norm: 663.5697  loss: 0.2622  top1_acc: 1.0000  top5_acc: 1.0000  loss_cls: 0.2622
12/30 02:36:48 - mmengine - INFO - Epoch(val) [56][37/37]    acc/top1: 0.8720  acc/top5: 1.0000  acc/mean1: 0.8732  confusion_matrix/result: 
tensor([[122,  26],
        [ 11, 130]])
  data_time: 0.0175  time: 0.9491
12/30 02:42:06 - mmengine - INFO - Epoch(train)  [57][100/145]  base_lr: 1.0000e-06 lr: 3.1250e-08  eta: 11:50:57  time: 3.1693  data_time: 0.0115  memory: 65637  grad_norm: 507.5713  loss: 0.2747  top1_acc: 1.0000  top5_acc: 1.0000  loss_cls: 0.2747
12/30 02:44:25 - mmengine - INFO - Exp name: UNI_50_RFDS_20241229_185513
12/30 02:44:25 - mmengine - INFO - Epoch(train)  [57][145/145]  base_lr: 1.0000e-06 lr: 3.1250e-08  eta: 11:48:31  time: 3.0263  data_time: 0.0114  memory: 65637  grad_norm: 675.0787  loss: 0.3512  top1_acc: 1.0000  top5_acc: 1.0000  loss_cls: 0.3512
12/30 02:44:25 - mmengine - INFO - Saving checkpoint at 57 epochs
12/30 02:45:03 - mmengine - INFO - Epoch(val) [57][37/37]    acc/top1: 0.8754  acc/top5: 1.0000  acc/mean1: 0.8765  confusion_matrix/result: 
tensor([[123,  25],
        [ 11, 130]])
  data_time: 0.0172  time: 0.9495
12/30 02:50:21 - mmengine - INFO - Epoch(train)  [58][100/145]  base_lr: 1.0000e-06 lr: 3.1250e-08  eta: 11:43:19  time: 3.1686  data_time: 0.0113  memory: 65637  grad_norm: 698.6669  loss: 0.3383  top1_acc: 0.8750  top5_acc: 1.0000  loss_cls: 0.3383
12/30 02:52:40 - mmengine - INFO - Exp name: UNI_50_RFDS_20241229_185513
12/30 02:52:40 - mmengine - INFO - Epoch(train)  [58][145/145]  base_lr: 1.0000e-06 lr: 3.1250e-08  eta: 11:40:54  time: 3.0267  data_time: 0.0112  memory: 65637  grad_norm: 885.7532  loss: 0.3607  top1_acc: 1.0000  top5_acc: 1.0000  loss_cls: 0.3607
12/30 02:53:16 - mmengine - INFO - Epoch(val) [58][37/37]    acc/top1: 0.8789  acc/top5: 1.0000  acc/mean1: 0.8799  confusion_matrix/result: 
tensor([[124,  24],
        [ 11, 130]])
  data_time: 0.0174  time: 0.9489
12/30 02:58:33 - mmengine - INFO - Epoch(train)  [59][100/145]  base_lr: 1.0000e-06 lr: 3.1250e-08  eta: 11:35:42  time: 3.1690  data_time: 0.0113  memory: 65637  grad_norm: 853.8103  loss: 0.4361  top1_acc: 0.8750  top5_acc: 1.0000  loss_cls: 0.4361
12/30 03:00:53 - mmengine - INFO - Exp name: UNI_50_RFDS_20241229_185513
12/30 03:00:53 - mmengine - INFO - Epoch(train)  [59][145/145]  base_lr: 1.0000e-06 lr: 3.1250e-08  eta: 11:33:17  time: 3.0276  data_time: 0.0113  memory: 65637  grad_norm: 903.8915  loss: 0.4898  top1_acc: 0.0000  top5_acc: 1.0000  loss_cls: 0.4898
12/30 03:01:29 - mmengine - INFO - Epoch(val) [59][37/37]    acc/top1: 0.8685  acc/top5: 1.0000  acc/mean1: 0.8699  confusion_matrix/result: 
tensor([[120,  28],
        [ 10, 131]])
  data_time: 0.0177  time: 0.9491
12/30 03:06:46 - mmengine - INFO - Epoch(train)  [60][100/145]  base_lr: 1.0000e-06 lr: 3.1250e-08  eta: 11:28:05  time: 3.1695  data_time: 0.0114  memory: 65637  grad_norm: 799.9940  loss: 0.3860  top1_acc: 0.7500  top5_acc: 1.0000  loss_cls: 0.3860
12/30 03:09:06 - mmengine - INFO - Exp name: UNI_50_RFDS_20241229_185513
12/30 03:09:06 - mmengine - INFO - Epoch(train)  [60][145/145]  base_lr: 1.0000e-06 lr: 3.1250e-08  eta: 11:25:40  time: 3.0289  data_time: 0.0113  memory: 65637  grad_norm: 1134.6565  loss: 0.5536  top1_acc: 0.0000  top5_acc: 1.0000  loss_cls: 0.5536
12/30 03:09:06 - mmengine - INFO - Saving checkpoint at 60 epochs
12/30 03:09:44 - mmengine - INFO - Epoch(val) [60][37/37]    acc/top1: 0.8754  acc/top5: 1.0000  acc/mean1: 0.8760  confusion_matrix/result: 
tensor([[126,  22],
        [ 14, 127]])
  data_time: 0.0174  time: 0.9497
12/30 03:15:01 - mmengine - INFO - Epoch(train)  [61][100/145]  base_lr: 1.0000e-06 lr: 3.1250e-08  eta: 11:20:27  time: 3.1701  data_time: 0.0113  memory: 65637  grad_norm: 711.8665  loss: 0.2709  top1_acc: 0.7500  top5_acc: 1.0000  loss_cls: 0.2709
12/30 03:17:21 - mmengine - INFO - Exp name: UNI_50_RFDS_20241229_185513
12/30 03:17:21 - mmengine - INFO - Epoch(train)  [61][145/145]  base_lr: 1.0000e-06 lr: 3.1250e-08  eta: 11:18:02  time: 3.0268  data_time: 0.0113  memory: 65637  grad_norm: 1123.6569  loss: 0.3835  top1_acc: 1.0000  top5_acc: 1.0000  loss_cls: 0.3835
12/30 03:17:57 - mmengine - INFO - Epoch(val) [61][37/37]    acc/top1: 0.8685  acc/top5: 1.0000  acc/mean1: 0.8698  confusion_matrix/result: 
tensor([[121,  27],
        [ 11, 130]])
  data_time: 0.0175  time: 0.9490
12/30 03:23:14 - mmengine - INFO - Epoch(train)  [62][100/145]  base_lr: 1.0000e-06 lr: 3.1250e-08  eta: 11:12:50  time: 3.1698  data_time: 0.0114  memory: 65637  grad_norm: 725.3742  loss: 0.2540  top1_acc: 0.8750  top5_acc: 1.0000  loss_cls: 0.2540
12/30 03:25:34 - mmengine - INFO - Exp name: UNI_50_RFDS_20241229_185513
12/30 03:25:34 - mmengine - INFO - Epoch(train)  [62][145/145]  base_lr: 1.0000e-06 lr: 3.1250e-08  eta: 11:10:25  time: 3.0264  data_time: 0.0113  memory: 65637  grad_norm: 611.6515  loss: 0.2299  top1_acc: 1.0000  top5_acc: 1.0000  loss_cls: 0.2299
12/30 03:26:10 - mmengine - INFO - Epoch(val) [62][37/37]    acc/top1: 0.8616  acc/top5: 1.0000  acc/mean1: 0.8635  confusion_matrix/result: 
tensor([[116,  32],
        [  8, 133]])
  data_time: 0.0176  time: 0.9492
12/30 03:26:42 - mmengine - INFO - Exp name: UNI_50_RFDS_20241229_185513
12/30 03:31:28 - mmengine - INFO - Epoch(train)  [63][100/145]  base_lr: 1.0000e-06 lr: 3.1250e-08  eta: 11:05:13  time: 3.1689  data_time: 0.0114  memory: 65637  grad_norm: 951.6197  loss: 0.3862  top1_acc: 0.7500  top5_acc: 1.0000  loss_cls: 0.3862
12/30 03:33:47 - mmengine - INFO - Exp name: UNI_50_RFDS_20241229_185513
12/30 03:33:47 - mmengine - INFO - Epoch(train)  [63][145/145]  base_lr: 1.0000e-06 lr: 3.1250e-08  eta: 11:02:48  time: 3.0271  data_time: 0.0112  memory: 65637  grad_norm: 629.3738  loss: 0.1436  top1_acc: 1.0000  top5_acc: 1.0000  loss_cls: 0.1436
12/30 03:33:47 - mmengine - INFO - Saving checkpoint at 63 epochs
12/30 03:34:25 - mmengine - INFO - Epoch(val) [63][37/37]    acc/top1: 0.8616  acc/top5: 1.0000  acc/mean1: 0.8634  confusion_matrix/result: 
tensor([[117,  31],
        [  9, 132]])
  data_time: 0.0172  time: 0.9489
12/30 03:39:42 - mmengine - INFO - Epoch(train)  [64][100/145]  base_lr: 1.0000e-06 lr: 3.1250e-08  eta: 10:57:36  time: 3.1697  data_time: 0.0113  memory: 65637  grad_norm: 815.9431  loss: 0.3759  top1_acc: 0.5000  top5_acc: 1.0000  loss_cls: 0.3759
12/30 03:42:02 - mmengine - INFO - Exp name: UNI_50_RFDS_20241229_185513
12/30 03:42:02 - mmengine - INFO - Epoch(train)  [64][145/145]  base_lr: 1.0000e-06 lr: 3.1250e-08  eta: 10:55:11  time: 3.0270  data_time: 0.0112  memory: 65637  grad_norm: 799.0058  loss: 0.3521  top1_acc: 1.0000  top5_acc: 1.0000  loss_cls: 0.3521
12/30 03:42:38 - mmengine - INFO - Epoch(val) [64][37/37]    acc/top1: 0.8754  acc/top5: 1.0000  acc/mean1: 0.8767  confusion_matrix/result: 
tensor([[122,  26],
        [ 10, 131]])
  data_time: 0.0176  time: 0.9485
12/30 03:47:55 - mmengine - INFO - Epoch(train)  [65][100/145]  base_lr: 1.0000e-06 lr: 3.1250e-08  eta: 10:49:58  time: 3.1690  data_time: 0.0113  memory: 65637  grad_norm: 794.3433  loss: 0.4004  top1_acc: 0.8750  top5_acc: 1.0000  loss_cls: 0.4004
12/30 03:50:15 - mmengine - INFO - Exp name: UNI_50_RFDS_20241229_185513
12/30 03:50:15 - mmengine - INFO - Epoch(train)  [65][145/145]  base_lr: 1.0000e-06 lr: 3.1250e-08  eta: 10:47:34  time: 3.0266  data_time: 0.0112  memory: 65637  grad_norm: 1195.2996  loss: 0.3791  top1_acc: 1.0000  top5_acc: 1.0000  loss_cls: 0.3791
12/30 03:50:51 - mmengine - INFO - Epoch(val) [65][37/37]    acc/top1: 0.8789  acc/top5: 1.0000  acc/mean1: 0.8794  confusion_matrix/result: 
tensor([[127,  21],
        [ 14, 127]])
  data_time: 0.0179  time: 0.9499
12/30 03:56:08 - mmengine - INFO - Epoch(train)  [66][100/145]  base_lr: 1.0000e-06 lr: 3.1250e-08  eta: 10:42:21  time: 3.1710  data_time: 0.0116  memory: 65637  grad_norm: 1001.2539  loss: 0.4718  top1_acc: 0.5000  top5_acc: 1.0000  loss_cls: 0.4718
12/30 03:58:28 - mmengine - INFO - Exp name: UNI_50_RFDS_20241229_185513
12/30 03:58:28 - mmengine - INFO - Epoch(train)  [66][145/145]  base_lr: 1.0000e-06 lr: 3.1250e-08  eta: 10:39:57  time: 3.0268  data_time: 0.0114  memory: 65637  grad_norm: 1346.5151  loss: 0.4337  top1_acc: 0.0000  top5_acc: 1.0000  loss_cls: 0.4337
12/30 03:58:28 - mmengine - INFO - Saving checkpoint at 66 epochs
12/30 03:59:06 - mmengine - INFO - Epoch(val) [66][37/37]    acc/top1: 0.8824  acc/top5: 1.0000  acc/mean1: 0.8835  confusion_matrix/result: 
tensor([[124,  24],
        [ 10, 131]])
  data_time: 0.0175  time: 0.9495
12/30 03:59:06 - mmengine - INFO - The previous best checkpoint /mimer/NOBACKUP/groups/ulio_inverse/human-fall-detection/michail/experiments/mmaction2/work_dirs/UNI_50_RFDS/best_acc_top1_epoch_44.pth is removed
12/30 03:59:07 - mmengine - INFO - The best checkpoint with 0.8824 acc/top1 at 66 epoch is saved to best_acc_top1_epoch_66.pth.
12/30 04:04:26 - mmengine - INFO - Epoch(train)  [67][100/145]  base_lr: 1.0000e-06 lr: 3.1250e-08  eta: 10:34:44  time: 3.1681  data_time: 0.0111  memory: 65637  grad_norm: 1008.6092  loss: 0.2928  top1_acc: 0.7500  top5_acc: 1.0000  loss_cls: 0.2928
12/30 04:06:46 - mmengine - INFO - Exp name: UNI_50_RFDS_20241229_185513
12/30 04:06:46 - mmengine - INFO - Epoch(train)  [67][145/145]  base_lr: 1.0000e-06 lr: 3.1250e-08  eta: 10:32:19  time: 3.0265  data_time: 0.0110  memory: 65637  grad_norm: 717.4946  loss: 0.3173  top1_acc: 1.0000  top5_acc: 1.0000  loss_cls: 0.3173
12/30 04:07:22 - mmengine - INFO - Epoch(val) [67][37/37]    acc/top1: 0.8754  acc/top5: 1.0000  acc/mean1: 0.8765  confusion_matrix/result: 
tensor([[123,  25],
        [ 11, 130]])
  data_time: 0.0170  time: 0.9484
12/30 04:12:39 - mmengine - INFO - Epoch(train)  [68][100/145]  base_lr: 1.0000e-06 lr: 3.1250e-08  eta: 10:27:06  time: 3.1666  data_time: 0.0111  memory: 65637  grad_norm: 1139.9749  loss: 0.3778  top1_acc: 0.6250  top5_acc: 1.0000  loss_cls: 0.3778
12/30 04:14:58 - mmengine - INFO - Exp name: UNI_50_RFDS_20241229_185513
12/30 04:14:58 - mmengine - INFO - Epoch(train)  [68][145/145]  base_lr: 1.0000e-06 lr: 3.1250e-08  eta: 10:24:42  time: 3.0249  data_time: 0.0111  memory: 65637  grad_norm: 839.1670  loss: 0.3409  top1_acc: 1.0000  top5_acc: 1.0000  loss_cls: 0.3409
12/30 04:15:34 - mmengine - INFO - Epoch(val) [68][37/37]    acc/top1: 0.8685  acc/top5: 1.0000  acc/mean1: 0.8696  confusion_matrix/result: 
tensor([[122,  26],
        [ 12, 129]])
  data_time: 0.0172  time: 0.9485
12/30 04:20:51 - mmengine - INFO - Epoch(train)  [69][100/145]  base_lr: 1.0000e-06 lr: 3.1250e-08  eta: 10:19:29  time: 3.1684  data_time: 0.0112  memory: 65637  grad_norm: 567.5724  loss: 0.2233  top1_acc: 1.0000  top5_acc: 1.0000  loss_cls: 0.2233
12/30 04:22:58 - mmengine - INFO - Exp name: UNI_50_RFDS_20241229_185513
12/30 04:23:11 - mmengine - INFO - Exp name: UNI_50_RFDS_20241229_185513
12/30 04:23:11 - mmengine - INFO - Epoch(train)  [69][145/145]  base_lr: 1.0000e-06 lr: 3.1250e-08  eta: 10:17:05  time: 3.0285  data_time: 0.0113  memory: 65637  grad_norm: 821.3776  loss: 0.3464  top1_acc: 1.0000  top5_acc: 1.0000  loss_cls: 0.3464
12/30 04:23:11 - mmengine - INFO - Saving checkpoint at 69 epochs
12/30 04:23:49 - mmengine - INFO - Epoch(val) [69][37/37]    acc/top1: 0.8720  acc/top5: 1.0000  acc/mean1: 0.8732  confusion_matrix/result: 
tensor([[122,  26],
        [ 11, 130]])
  data_time: 0.0171  time: 0.9491
12/30 04:23:49 - mmengine - INFO - the monitored metric did not improve in the last 25 records. best score: 0.879. 
